{"C:\\git\\IM1_Invoice_Manager\\InvoiceManager\\frontend\\src\\core\\domain\\enums\\InvoiceStatus.ts": {"path":"C:\\git\\IM1_Invoice_Manager\\InvoiceManager\\frontend\\src\\core\\domain\\enums\\InvoiceStatus.ts","statementMap":{"0":{"start":{"line":1,"column":29},"end":{"line":4,"column":null}}},"fnMap":{},"branchMap":{},"s":{"0":2},"f":{},"b":{},"meta":{"lastBranch":0,"lastFunction":0,"lastStatement":1,"seen":{"s:1:29:4:Infinity":0}}}
,"C:\\git\\IM1_Invoice_Manager\\InvoiceManager\\frontend\\src\\core\\domain\\enums\\SplitMode.ts": {"path":"C:\\git\\IM1_Invoice_Manager\\InvoiceManager\\frontend\\src\\core\\domain\\enums\\SplitMode.ts","statementMap":{"0":{"start":{"line":1,"column":25},"end":{"line":4,"column":null}}},"fnMap":{},"branchMap":{},"s":{"0":2},"f":{},"b":{},"meta":{"lastBranch":0,"lastFunction":0,"lastStatement":1,"seen":{"s:1:25:4:Infinity":0}}}
,"C:\\git\\IM1_Invoice_Manager\\InvoiceManager\\frontend\\src\\core\\domain\\value-objects\\CardLastDigits.ts": {"path":"C:\\git\\IM1_Invoice_Manager\\InvoiceManager\\frontend\\src\\core\\domain\\value-objects\\CardLastDigits.ts","statementMap":{"0":{"start":{"line":5,"column":20},"end":{"line":5,"column":null}},"1":{"start":{"line":6,"column":4},"end":{"line":8,"column":null}},"2":{"start":{"line":7,"column":6},"end":{"line":7,"column":null}},"3":{"start":{"line":9,"column":4},"end":{"line":9,"column":null}},"4":{"start":{"line":13,"column":4},"end":{"line":13,"column":null}},"5":{"start":{"line":17,"column":4},"end":{"line":17,"column":null}},"6":{"start":{"line":21,"column":4},"end":{"line":21,"column":null}},"7":{"start":{"line":25,"column":4},"end":{"line":25,"column":null}},"8":{"start":{"line":29,"column":4},"end":{"line":29,"column":null}}},"fnMap":{"0":{"name":"(anonymous_0)","decl":{"start":{"line":4,"column":2},"end":{"line":4,"column":14}},"loc":{"start":{"line":4,"column":29},"end":{"line":10,"column":null}},"line":4},"1":{"name":"(anonymous_1)","decl":{"start":{"line":12,"column":6},"end":{"line":12,"column":22}},"loc":{"start":{"line":12,"column":22},"end":{"line":14,"column":null}},"line":12},"2":{"name":"(anonymous_2)","decl":{"start":{"line":16,"column":10},"end":{"line":16,"column":18}},"loc":{"start":{"line":16,"column":43},"end":{"line":18,"column":null}},"line":16},"3":{"name":"(anonymous_3)","decl":{"start":{"line":20,"column":2},"end":{"line":20,"column":19}},"loc":{"start":{"line":20,"column":19},"end":{"line":22,"column":null}},"line":20},"4":{"name":"(anonymous_4)","decl":{"start":{"line":24,"column":2},"end":{"line":24,"column":21}},"loc":{"start":{"line":24,"column":21},"end":{"line":26,"column":null}},"line":24},"5":{"name":"(anonymous_5)","decl":{"start":{"line":28,"column":2},"end":{"line":28,"column":9}},"loc":{"start":{"line":28,"column":41},"end":{"line":30,"column":null}},"line":28}},"branchMap":{"0":{"loc":{"start":{"line":6,"column":4},"end":{"line":8,"column":null}},"type":"if","locations":[{"start":{"line":6,"column":4},"end":{"line":8,"column":null}},{"start":{},"end":{}}],"line":6}},"s":{"0":17,"1":17,"2":4,"3":13,"4":3,"5":17,"6":2,"7":2,"8":3},"f":{"0":17,"1":3,"2":17,"3":2,"4":2,"5":3},"b":{"0":[4,13]},"meta":{"lastBranch":1,"lastFunction":6,"lastStatement":9,"seen":{"f:4:2:4:14":0,"s:5:20:5:Infinity":0,"b:6:4:8:Infinity:undefined:undefined:undefined:undefined":0,"s:6:4:8:Infinity":1,"s:7:6:7:Infinity":2,"s:9:4:9:Infinity":3,"f:12:6:12:22":1,"s:13:4:13:Infinity":4,"f:16:10:16:18":2,"s:17:4:17:Infinity":5,"f:20:2:20:19":3,"s:21:4:21:Infinity":6,"f:24:2:24:21":4,"s:25:4:25:Infinity":7,"f:28:2:28:9":5,"s:29:4:29:Infinity":8}}}
,"C:\\git\\IM1_Invoice_Manager\\InvoiceManager\\frontend\\src\\core\\domain\\value-objects\\Money.ts": {"path":"C:\\git\\IM1_Invoice_Manager\\InvoiceManager\\frontend\\src\\core\\domain\\value-objects\\Money.ts","statementMap":{"0":{"start":{"line":5,"column":4},"end":{"line":7,"column":null}},"1":{"start":{"line":6,"column":6},"end":{"line":6,"column":null}},"2":{"start":{"line":8,"column":4},"end":{"line":8,"column":null}},"3":{"start":{"line":12,"column":4},"end":{"line":12,"column":null}},"4":{"start":{"line":16,"column":4},"end":{"line":16,"column":null}},"5":{"start":{"line":20,"column":4},"end":{"line":20,"column":null}},"6":{"start":{"line":24,"column":4},"end":{"line":24,"column":null}},"7":{"start":{"line":28,"column":4},"end":{"line":30,"column":null}},"8":{"start":{"line":29,"column":6},"end":{"line":29,"column":null}},"9":{"start":{"line":31,"column":4},"end":{"line":31,"column":null}},"10":{"start":{"line":35,"column":4},"end":{"line":35,"column":null}},"11":{"start":{"line":39,"column":4},"end":{"line":39,"column":null}},"12":{"start":{"line":43,"column":4},"end":{"line":43,"column":null}},"13":{"start":{"line":47,"column":4},"end":{"line":47,"column":null}},"14":{"start":{"line":51,"column":4},"end":{"line":54,"column":null}},"15":{"start":{"line":58,"column":20},"end":{"line":58,"column":null}},"16":{"start":{"line":59,"column":25},"end":{"line":59,"column":null}},"17":{"start":{"line":60,"column":4},"end":{"line":62,"column":null}},"18":{"start":{"line":61,"column":6},"end":{"line":61,"column":null}},"19":{"start":{"line":63,"column":4},"end":{"line":63,"column":null}},"20":{"start":{"line":67,"column":4},"end":{"line":67,"column":null}}},"fnMap":{"0":{"name":"(anonymous_0)","decl":{"start":{"line":4,"column":2},"end":{"line":4,"column":14}},"loc":{"start":{"line":4,"column":29},"end":{"line":9,"column":null}},"line":4},"1":{"name":"(anonymous_1)","decl":{"start":{"line":11,"column":6},"end":{"line":11,"column":22}},"loc":{"start":{"line":11,"column":22},"end":{"line":13,"column":null}},"line":11},"2":{"name":"(anonymous_2)","decl":{"start":{"line":15,"column":2},"end":{"line":15,"column":6}},"loc":{"start":{"line":15,"column":27},"end":{"line":17,"column":null}},"line":15},"3":{"name":"(anonymous_3)","decl":{"start":{"line":19,"column":2},"end":{"line":19,"column":11}},"loc":{"start":{"line":19,"column":32},"end":{"line":21,"column":null}},"line":19},"4":{"name":"(anonymous_4)","decl":{"start":{"line":23,"column":2},"end":{"line":23,"column":11}},"loc":{"start":{"line":23,"column":34},"end":{"line":25,"column":null}},"line":23},"5":{"name":"(anonymous_5)","decl":{"start":{"line":27,"column":2},"end":{"line":27,"column":9}},"loc":{"start":{"line":27,"column":33},"end":{"line":32,"column":null}},"line":27},"6":{"name":"(anonymous_6)","decl":{"start":{"line":34,"column":2},"end":{"line":34,"column":9}},"loc":{"start":{"line":34,"column":32},"end":{"line":36,"column":null}},"line":34},"7":{"name":"(anonymous_7)","decl":{"start":{"line":38,"column":2},"end":{"line":38,"column":16}},"loc":{"start":{"line":38,"column":39},"end":{"line":40,"column":null}},"line":38},"8":{"name":"(anonymous_8)","decl":{"start":{"line":42,"column":2},"end":{"line":42,"column":13}},"loc":{"start":{"line":42,"column":36},"end":{"line":44,"column":null}},"line":42},"9":{"name":"(anonymous_9)","decl":{"start":{"line":46,"column":2},"end":{"line":46,"column":21}},"loc":{"start":{"line":46,"column":21},"end":{"line":48,"column":null}},"line":46},"10":{"name":"(anonymous_10)","decl":{"start":{"line":50,"column":2},"end":{"line":50,"column":9}},"loc":{"start":{"line":50,"column":69},"end":{"line":55,"column":null}},"line":50},"11":{"name":"(anonymous_11)","decl":{"start":{"line":57,"column":9},"end":{"line":57,"column":20}},"loc":{"start":{"line":57,"column":42},"end":{"line":64,"column":null}},"line":57},"12":{"name":"(anonymous_12)","decl":{"start":{"line":66,"column":9},"end":{"line":66,"column":23}},"loc":{"start":{"line":66,"column":23},"end":{"line":68,"column":null}},"line":66}},"branchMap":{"0":{"loc":{"start":{"line":5,"column":4},"end":{"line":7,"column":null}},"type":"if","locations":[{"start":{"line":5,"column":4},"end":{"line":7,"column":null}},{"start":{},"end":{}}],"line":5},"1":{"loc":{"start":{"line":28,"column":4},"end":{"line":30,"column":null}},"type":"if","locations":[{"start":{"line":28,"column":4},"end":{"line":30,"column":null}},{"start":{},"end":{}}],"line":28},"2":{"loc":{"start":{"line":50,"column":9},"end":{"line":50,"column":35}},"type":"default-arg","locations":[{"start":{"line":50,"column":26},"end":{"line":50,"column":35}}],"line":50},"3":{"loc":{"start":{"line":50,"column":35},"end":{"line":50,"column":69}},"type":"default-arg","locations":[{"start":{"line":50,"column":54},"end":{"line":50,"column":69}}],"line":50},"4":{"loc":{"start":{"line":60,"column":4},"end":{"line":62,"column":null}},"type":"if","locations":[{"start":{"line":60,"column":4},"end":{"line":62,"column":null}},{"start":{},"end":{}}],"line":60}},"s":{"0":54,"1":4,"2":50,"3":17,"4":2,"5":3,"6":4,"7":4,"8":1,"9":3,"10":3,"11":3,"12":3,"13":1,"14":4,"15":6,"16":6,"17":6,"18":2,"19":4,"20":6},"f":{"0":54,"1":17,"2":2,"3":3,"4":4,"5":4,"6":3,"7":3,"8":3,"9":1,"10":4,"11":54,"12":54},"b":{"0":[4,50],"1":[1,3],"2":[4],"3":[4],"4":[2,4]},"meta":{"lastBranch":5,"lastFunction":13,"lastStatement":21,"seen":{"f:4:2:4:14":0,"b:5:4:7:Infinity:undefined:undefined:undefined:undefined":0,"s:5:4:7:Infinity":0,"s:6:6:6:Infinity":1,"s:8:4:8:Infinity":2,"f:11:6:11:22":1,"s:12:4:12:Infinity":3,"f:15:2:15:6":2,"s:16:4:16:Infinity":4,"f:19:2:19:11":3,"s:20:4:20:Infinity":5,"f:23:2:23:11":4,"s:24:4:24:Infinity":6,"f:27:2:27:9":5,"b:28:4:30:Infinity:undefined:undefined:undefined:undefined":1,"s:28:4:30:Infinity":7,"s:29:6:29:Infinity":8,"s:31:4:31:Infinity":9,"f:34:2:34:9":6,"s:35:4:35:Infinity":10,"f:38:2:38:16":7,"s:39:4:39:Infinity":11,"f:42:2:42:13":8,"s:43:4:43:Infinity":12,"f:46:2:46:21":9,"s:47:4:47:Infinity":13,"f:50:2:50:9":10,"b:50:26:50:35":2,"b:50:54:50:69":3,"s:51:4:54:Infinity":14,"f:57:9:57:20":11,"s:58:20:58:Infinity":15,"s:59:25:59:Infinity":16,"b:60:4:62:Infinity:undefined:undefined:undefined:undefined":4,"s:60:4:62:Infinity":17,"s:61:6:61:Infinity":18,"s:63:4:63:Infinity":19,"f:66:9:66:23":12,"s:67:4:67:Infinity":20}}}
,"C:\\git\\IM1_Invoice_Manager\\InvoiceManager\\frontend\\src\\core\\domain\\value-objects\\PhoneNumber.ts": {"path":"C:\\git\\IM1_Invoice_Manager\\InvoiceManager\\frontend\\src\\core\\domain\\value-objects\\PhoneNumber.ts","statementMap":{"0":{"start":{"line":5,"column":20},"end":{"line":5,"column":null}},"1":{"start":{"line":6,"column":4},"end":{"line":8,"column":null}},"2":{"start":{"line":7,"column":6},"end":{"line":7,"column":null}},"3":{"start":{"line":9,"column":4},"end":{"line":9,"column":null}},"4":{"start":{"line":13,"column":4},"end":{"line":13,"column":null}},"5":{"start":{"line":17,"column":4},"end":{"line":17,"column":null}},"6":{"start":{"line":21,"column":4},"end":{"line":21,"column":null}},"7":{"start":{"line":25,"column":4},"end":{"line":27,"column":null}},"8":{"start":{"line":26,"column":6},"end":{"line":26,"column":null}},"9":{"start":{"line":28,"column":4},"end":{"line":28,"column":null}},"10":{"start":{"line":32,"column":4},"end":{"line":32,"column":null}},"11":{"start":{"line":36,"column":4},"end":{"line":36,"column":null}}},"fnMap":{"0":{"name":"(anonymous_0)","decl":{"start":{"line":4,"column":2},"end":{"line":4,"column":14}},"loc":{"start":{"line":4,"column":29},"end":{"line":10,"column":null}},"line":4},"1":{"name":"(anonymous_1)","decl":{"start":{"line":12,"column":6},"end":{"line":12,"column":22}},"loc":{"start":{"line":12,"column":22},"end":{"line":14,"column":null}},"line":12},"2":{"name":"(anonymous_2)","decl":{"start":{"line":16,"column":10},"end":{"line":16,"column":16}},"loc":{"start":{"line":16,"column":39},"end":{"line":18,"column":null}},"line":16},"3":{"name":"(anonymous_3)","decl":{"start":{"line":20,"column":10},"end":{"line":20,"column":18}},"loc":{"start":{"line":20,"column":42},"end":{"line":22,"column":null}},"line":20},"4":{"name":"(anonymous_4)","decl":{"start":{"line":24,"column":2},"end":{"line":24,"column":19}},"loc":{"start":{"line":24,"column":19},"end":{"line":29,"column":null}},"line":24},"5":{"name":"(anonymous_5)","decl":{"start":{"line":31,"column":2},"end":{"line":31,"column":21}},"loc":{"start":{"line":31,"column":21},"end":{"line":33,"column":null}},"line":31},"6":{"name":"(anonymous_6)","decl":{"start":{"line":35,"column":2},"end":{"line":35,"column":9}},"loc":{"start":{"line":35,"column":38},"end":{"line":37,"column":null}},"line":35}},"branchMap":{"0":{"loc":{"start":{"line":6,"column":4},"end":{"line":8,"column":null}},"type":"if","locations":[{"start":{"line":6,"column":4},"end":{"line":8,"column":null}},{"start":{},"end":{}}],"line":6},"1":{"loc":{"start":{"line":25,"column":4},"end":{"line":27,"column":null}},"type":"if","locations":[{"start":{"line":25,"column":4},"end":{"line":27,"column":null}},{"start":{},"end":{}}],"line":25}},"s":{"0":23,"1":23,"2":4,"3":19,"4":5,"5":23,"6":23,"7":7,"8":4,"9":3,"10":2,"11":4},"f":{"0":23,"1":5,"2":23,"3":23,"4":7,"5":2,"6":4},"b":{"0":[4,19],"1":[4,3]},"meta":{"lastBranch":2,"lastFunction":7,"lastStatement":12,"seen":{"f:4:2:4:14":0,"s:5:20:5:Infinity":0,"b:6:4:8:Infinity:undefined:undefined:undefined:undefined":0,"s:6:4:8:Infinity":1,"s:7:6:7:Infinity":2,"s:9:4:9:Infinity":3,"f:12:6:12:22":1,"s:13:4:13:Infinity":4,"f:16:10:16:16":2,"s:17:4:17:Infinity":5,"f:20:10:20:18":3,"s:21:4:21:Infinity":6,"f:24:2:24:19":4,"b:25:4:27:Infinity:undefined:undefined:undefined:undefined":1,"s:25:4:27:Infinity":7,"s:26:6:26:Infinity":8,"s:28:4:28:Infinity":9,"f:31:2:31:21":5,"s:32:4:32:Infinity":10,"f:35:2:35:9":6,"s:36:4:36:Infinity":11}}}
,"C:\\git\\IM1_Invoice_Manager\\InvoiceManager\\frontend\\src\\infrastructure\\parsers\\CSVParser.ts": {"path":"C:\\git\\IM1_Invoice_Manager\\InvoiceManager\\frontend\\src\\infrastructure\\parsers\\CSVParser.ts","statementMap":{"0":{"start":{"line":17,"column":18},"end":{"line":20,"column":null}},"1":{"start":{"line":19,"column":19},"end":{"line":19,"column":30}},"2":{"start":{"line":20,"column":22},"end":{"line":20,"column":37}},"3":{"start":{"line":22,"column":46},"end":{"line":22,"column":null}},"4":{"start":{"line":23,"column":29},"end":{"line":23,"column":null}},"5":{"start":{"line":25,"column":4},"end":{"line":34,"column":null}},"6":{"start":{"line":26,"column":6},"end":{"line":33,"column":null}},"7":{"start":{"line":27,"column":23},"end":{"line":27,"column":null}},"8":{"start":{"line":28,"column":8},"end":{"line":30,"column":null}},"9":{"start":{"line":29,"column":10},"end":{"line":29,"column":null}},"10":{"start":{"line":32,"column":8},"end":{"line":32,"column":null}},"11":{"start":{"line":36,"column":24},"end":{"line":36,"column":null}},"12":{"start":{"line":36,"column":63},"end":{"line":36,"column":79}},"13":{"start":{"line":38,"column":4},"end":{"line":43,"column":null}},"14":{"start":{"line":47,"column":18},"end":{"line":47,"column":null}},"15":{"start":{"line":49,"column":4},"end":{"line":51,"column":null}},"16":{"start":{"line":50,"column":6},"end":{"line":50,"column":null}},"17":{"start":{"line":53,"column":20},"end":{"line":53,"column":null}},"18":{"start":{"line":54,"column":17},"end":{"line":54,"column":null}},"19":{"start":{"line":56,"column":26},"end":{"line":56,"column":null}},"20":{"start":{"line":57,"column":4},"end":{"line":59,"column":null}},"21":{"start":{"line":58,"column":6},"end":{"line":58,"column":null}},"22":{"start":{"line":61,"column":24},"end":{"line":61,"column":null}},"23":{"start":{"line":62,"column":22},"end":{"line":62,"column":null}},"24":{"start":{"line":64,"column":17},"end":{"line":64,"column":null}},"25":{"start":{"line":65,"column":19},"end":{"line":65,"column":null}},"26":{"start":{"line":67,"column":4},"end":{"line":69,"column":null}},"27":{"start":{"line":68,"column":6},"end":{"line":68,"column":null}},"28":{"start":{"line":71,"column":4},"end":{"line":76,"column":null}},"29":{"start":{"line":80,"column":18},"end":{"line":80,"column":null}},"30":{"start":{"line":81,"column":4},"end":{"line":83,"column":null}},"31":{"start":{"line":82,"column":6},"end":{"line":82,"column":null}},"32":{"start":{"line":85,"column":16},"end":{"line":85,"column":null}},"33":{"start":{"line":86,"column":18},"end":{"line":86,"column":null}},"34":{"start":{"line":87,"column":10},"end":{"line":87,"column":null}},"35":{"start":{"line":89,"column":4},"end":{"line":89,"column":null}},"36":{"start":{"line":93,"column":20},"end":{"line":93,"column":null}},"37":{"start":{"line":94,"column":19},"end":{"line":94,"column":null}},"38":{"start":{"line":96,"column":4},"end":{"line":98,"column":null}},"39":{"start":{"line":97,"column":6},"end":{"line":97,"column":null}},"40":{"start":{"line":100,"column":4},"end":{"line":100,"column":null}},"41":{"start":{"line":104,"column":4},"end":{"line":106,"column":null}},"42":{"start":{"line":105,"column":6},"end":{"line":105,"column":null}},"43":{"start":{"line":108,"column":4},"end":{"line":110,"column":null}},"44":{"start":{"line":109,"column":6},"end":{"line":109,"column":null}},"45":{"start":{"line":112,"column":20},"end":{"line":112,"column":null}},"46":{"start":{"line":113,"column":4},"end":{"line":115,"column":null}},"47":{"start":{"line":114,"column":6},"end":{"line":114,"column":null}},"48":{"start":{"line":117,"column":4},"end":{"line":117,"column":null}},"49":{"start":{"line":121,"column":4},"end":{"line":134,"column":null}},"50":{"start":{"line":122,"column":21},"end":{"line":122,"column":null}},"51":{"start":{"line":124,"column":6},"end":{"line":127,"column":null}},"52":{"start":{"line":125,"column":24},"end":{"line":125,"column":null}},"53":{"start":{"line":126,"column":8},"end":{"line":126,"column":null}},"54":{"start":{"line":129,"column":6},"end":{"line":131,"column":null}},"55":{"start":{"line":130,"column":8},"end":{"line":130,"column":null}},"56":{"start":{"line":133,"column":6},"end":{"line":133,"column":null}}},"fnMap":{"0":{"name":"(anonymous_0)","decl":{"start":{"line":16,"column":2},"end":{"line":16,"column":8}},"loc":{"start":{"line":16,"column":44},"end":{"line":44,"column":null}},"line":16},"1":{"name":"(anonymous_1)","decl":{"start":{"line":19,"column":11},"end":{"line":19,"column":19}},"loc":{"start":{"line":19,"column":19},"end":{"line":19,"column":30}},"line":19},"2":{"name":"(anonymous_2)","decl":{"start":{"line":20,"column":14},"end":{"line":20,"column":22}},"loc":{"start":{"line":20,"column":22},"end":{"line":20,"column":37}},"line":20},"3":{"name":"(anonymous_3)","decl":{"start":{"line":25,"column":18},"end":{"line":25,"column":19}},"loc":{"start":{"line":25,"column":35},"end":{"line":34,"column":5}},"line":25},"4":{"name":"(anonymous_4)","decl":{"start":{"line":36,"column":51},"end":{"line":36,"column":52}},"loc":{"start":{"line":36,"column":63},"end":{"line":36,"column":79}},"line":36},"5":{"name":"(anonymous_5)","decl":{"start":{"line":46,"column":10},"end":{"line":46,"column":20}},"loc":{"start":{"line":46,"column":60},"end":{"line":77,"column":null}},"line":46},"6":{"name":"(anonymous_6)","decl":{"start":{"line":79,"column":10},"end":{"line":79,"column":20}},"loc":{"start":{"line":79,"column":45},"end":{"line":90,"column":null}},"line":79},"7":{"name":"(anonymous_7)","decl":{"start":{"line":92,"column":10},"end":{"line":92,"column":22}},"loc":{"start":{"line":92,"column":49},"end":{"line":101,"column":null}},"line":92},"8":{"name":"(anonymous_8)","decl":{"start":{"line":103,"column":2},"end":{"line":103,"column":15}},"loc":{"start":{"line":103,"column":63},"end":{"line":118,"column":null}},"line":103},"9":{"name":"(anonymous_9)","decl":{"start":{"line":120,"column":8},"end":{"line":120,"column":17}},"loc":{"start":{"line":120,"column":46},"end":{"line":135,"column":null}},"line":120},"10":{"name":"(anonymous_10)","decl":{"start":{"line":121,"column":23},"end":{"line":121,"column":24}},"loc":{"start":{"line":121,"column":44},"end":{"line":134,"column":5}},"line":121},"11":{"name":"(anonymous_11)","decl":{"start":{"line":124,"column":22},"end":{"line":124,"column":23}},"loc":{"start":{"line":124,"column":29},"end":{"line":127,"column":null}},"line":124},"12":{"name":"(anonymous_12)","decl":{"start":{"line":129,"column":23},"end":{"line":129,"column":29}},"loc":{"start":{"line":129,"column":29},"end":{"line":131,"column":null}},"line":129}},"branchMap":{"0":{"loc":{"start":{"line":28,"column":8},"end":{"line":30,"column":null}},"type":"if","locations":[{"start":{"line":28,"column":8},"end":{"line":30,"column":null}},{"start":{},"end":{}}],"line":28},"1":{"loc":{"start":{"line":32,"column":42},"end":{"line":32,"column":99}},"type":"cond-expr","locations":[{"start":{"line":32,"column":67},"end":{"line":32,"column":83}},{"start":{"line":32,"column":83},"end":{"line":32,"column":99}}],"line":32},"2":{"loc":{"start":{"line":49,"column":4},"end":{"line":51,"column":null}},"type":"if","locations":[{"start":{"line":49,"column":4},"end":{"line":51,"column":null}},{"start":{},"end":{}}],"line":49},"3":{"loc":{"start":{"line":49,"column":8},"end":{"line":49,"column":39}},"type":"binary-expr","locations":[{"start":{"line":49,"column":8},"end":{"line":49,"column":28}},{"start":{"line":49,"column":28},"end":{"line":49,"column":39}}],"line":49},"4":{"loc":{"start":{"line":57,"column":4},"end":{"line":59,"column":null}},"type":"if","locations":[{"start":{"line":57,"column":4},"end":{"line":59,"column":null}},{"start":{},"end":{}}],"line":57},"5":{"loc":{"start":{"line":67,"column":4},"end":{"line":69,"column":null}},"type":"if","locations":[{"start":{"line":67,"column":4},"end":{"line":69,"column":null}},{"start":{},"end":{}}],"line":67},"6":{"loc":{"start":{"line":81,"column":4},"end":{"line":83,"column":null}},"type":"if","locations":[{"start":{"line":81,"column":4},"end":{"line":83,"column":null}},{"start":{},"end":{}}],"line":81},"7":{"loc":{"start":{"line":81,"column":8},"end":{"line":81,"column":42}},"type":"binary-expr","locations":[{"start":{"line":81,"column":8},"end":{"line":81,"column":18}},{"start":{"line":81,"column":18},"end":{"line":81,"column":31}},{"start":{"line":81,"column":31},"end":{"line":81,"column":42}}],"line":81},"8":{"loc":{"start":{"line":96,"column":4},"end":{"line":98,"column":null}},"type":"if","locations":[{"start":{"line":96,"column":4},"end":{"line":98,"column":null}},{"start":{},"end":{}}],"line":96},"9":{"loc":{"start":{"line":104,"column":4},"end":{"line":106,"column":null}},"type":"if","locations":[{"start":{"line":104,"column":4},"end":{"line":106,"column":null}},{"start":{},"end":{}}],"line":104},"10":{"loc":{"start":{"line":108,"column":4},"end":{"line":110,"column":null}},"type":"if","locations":[{"start":{"line":108,"column":4},"end":{"line":110,"column":null}},{"start":{},"end":{}}],"line":108},"11":{"loc":{"start":{"line":108,"column":8},"end":{"line":108,"column":80}},"type":"binary-expr","locations":[{"start":{"line":108,"column":8},"end":{"line":108,"column":21}},{"start":{"line":108,"column":21},"end":{"line":108,"column":52}},{"start":{"line":108,"column":52},"end":{"line":108,"column":80}}],"line":108},"12":{"loc":{"start":{"line":113,"column":4},"end":{"line":115,"column":null}},"type":"if","locations":[{"start":{"line":113,"column":4},"end":{"line":115,"column":null}},{"start":{},"end":{}}],"line":113}},"s":{"0":25,"1":35,"2":35,"3":25,"4":25,"5":25,"6":31,"7":31,"8":31,"9":22,"10":9,"11":25,"12":22,"13":25,"14":31,"15":31,"16":2,"17":29,"18":29,"19":29,"20":29,"21":1,"22":28,"23":28,"24":28,"25":28,"26":28,"27":1,"28":22,"29":28,"30":28,"31":3,"32":25,"33":25,"34":25,"35":25,"36":25,"37":25,"38":25,"39":2,"40":23,"41":7,"42":1,"43":6,"44":1,"45":5,"46":5,"47":1,"48":4,"49":3,"50":3,"51":3,"52":3,"53":3,"54":3,"55":0,"56":3},"f":{"0":25,"1":35,"2":35,"3":31,"4":22,"5":31,"6":28,"7":25,"8":7,"9":3,"10":3,"11":3,"12":0},"b":{"0":[22,9],"1":[9,0],"2":[2,29],"3":[31,29],"4":[1,28],"5":[1,27],"6":[3,25],"7":[28,25,25],"8":[2,23],"9":[1,6],"10":[1,5],"11":[6,4,1],"12":[1,4]},"meta":{"lastBranch":13,"lastFunction":13,"lastStatement":57,"seen":{"f:16:2:16:8":0,"s:17:18:20:Infinity":0,"f:19:11:19:19":1,"s:19:19:19:30":1,"f:20:14:20:22":2,"s:20:22:20:37":2,"s:22:46:22:Infinity":3,"s:23:29:23:Infinity":4,"s:25:4:34:Infinity":5,"f:25:18:25:19":3,"s:26:6:33:Infinity":6,"s:27:23:27:Infinity":7,"b:28:8:30:Infinity:undefined:undefined:undefined:undefined":0,"s:28:8:30:Infinity":8,"s:29:10:29:Infinity":9,"s:32:8:32:Infinity":10,"b:32:67:32:83:32:83:32:99":1,"s:36:24:36:Infinity":11,"f:36:51:36:52":4,"s:36:63:36:79":12,"s:38:4:43:Infinity":13,"f:46:10:46:20":5,"s:47:18:47:Infinity":14,"b:49:4:51:Infinity:undefined:undefined:undefined:undefined":2,"s:49:4:51:Infinity":15,"b:49:8:49:28:49:28:49:39":3,"s:50:6:50:Infinity":16,"s:53:20:53:Infinity":17,"s:54:17:54:Infinity":18,"s:56:26:56:Infinity":19,"b:57:4:59:Infinity:undefined:undefined:undefined:undefined":4,"s:57:4:59:Infinity":20,"s:58:6:58:Infinity":21,"s:61:24:61:Infinity":22,"s:62:22:62:Infinity":23,"s:64:17:64:Infinity":24,"s:65:19:65:Infinity":25,"b:67:4:69:Infinity:undefined:undefined:undefined:undefined":5,"s:67:4:69:Infinity":26,"s:68:6:68:Infinity":27,"s:71:4:76:Infinity":28,"f:79:10:79:20":6,"s:80:18:80:Infinity":29,"b:81:4:83:Infinity:undefined:undefined:undefined:undefined":6,"s:81:4:83:Infinity":30,"b:81:8:81:18:81:18:81:31:81:31:81:42":7,"s:82:6:82:Infinity":31,"s:85:16:85:Infinity":32,"s:86:18:86:Infinity":33,"s:87:10:87:Infinity":34,"s:89:4:89:Infinity":35,"f:92:10:92:22":7,"s:93:20:93:Infinity":36,"s:94:19:94:Infinity":37,"b:96:4:98:Infinity:undefined:undefined:undefined:undefined":8,"s:96:4:98:Infinity":38,"s:97:6:97:Infinity":39,"s:100:4:100:Infinity":40,"f:103:2:103:15":8,"b:104:4:106:Infinity:undefined:undefined:undefined:undefined":9,"s:104:4:106:Infinity":41,"s:105:6:105:Infinity":42,"b:108:4:110:Infinity:undefined:undefined:undefined:undefined":10,"s:108:4:110:Infinity":43,"b:108:8:108:21:108:21:108:52:108:52:108:80":11,"s:109:6:109:Infinity":44,"s:112:20:112:Infinity":45,"b:113:4:115:Infinity:undefined:undefined:undefined:undefined":12,"s:113:4:115:Infinity":46,"s:114:6:114:Infinity":47,"s:117:4:117:Infinity":48,"f:120:8:120:17":9,"s:121:4:134:Infinity":49,"f:121:23:121:24":10,"s:122:21:122:Infinity":50,"s:124:6:127:Infinity":51,"f:124:22:124:23":11,"s:125:24:125:Infinity":52,"s:126:8:126:Infinity":53,"s:129:6:131:Infinity":54,"f:129:23:129:29":12,"s:130:8:130:Infinity":55,"s:133:6:133:Infinity":56}}}
,"C:\\git\\IM1_Invoice_Manager\\InvoiceManager\\frontend\\src\\infrastructure\\repositories\\localstorage\\BaseLocalStorageRepository.ts": {"path":"C:\\git\\IM1_Invoice_Manager\\InvoiceManager\\frontend\\src\\infrastructure\\repositories\\localstorage\\BaseLocalStorageRepository.ts","statementMap":{"0":{"start":{"line":9,"column":4},"end":{"line":9,"column":null}},"1":{"start":{"line":13,"column":17},"end":{"line":13,"column":null}},"2":{"start":{"line":14,"column":4},"end":{"line":14,"column":null}},"3":{"start":{"line":14,"column":15},"end":{"line":14,"column":null}},"4":{"start":{"line":16,"column":19},"end":{"line":16,"column":null}},"5":{"start":{"line":17,"column":4},"end":{"line":17,"column":null}},"6":{"start":{"line":21,"column":23},"end":{"line":21,"column":null}},"7":{"start":{"line":22,"column":4},"end":{"line":22,"column":null}},"8":{"start":{"line":26,"column":4},"end":{"line":26,"column":null}},"9":{"start":{"line":26,"column":29},"end":{"line":26,"column":49}},"10":{"start":{"line":30,"column":4},"end":{"line":30,"column":null}},"11":{"start":{"line":30,"column":28},"end":{"line":30,"column":50}},"12":{"start":{"line":37,"column":4},"end":{"line":37,"column":null}},"13":{"start":{"line":41,"column":4},"end":{"line":41,"column":null}},"14":{"start":{"line":45,"column":18},"end":{"line":45,"column":null}},"15":{"start":{"line":46,"column":4},"end":{"line":46,"column":null}},"16":{"start":{"line":46,"column":30},"end":{"line":46,"column":44}},"17":{"start":{"line":50,"column":18},"end":{"line":50,"column":null}},"18":{"start":{"line":51,"column":16},"end":{"line":51,"column":null}},"19":{"start":{"line":53,"column":20},"end":{"line":58,"column":null}},"20":{"start":{"line":60,"column":4},"end":{"line":60,"column":null}},"21":{"start":{"line":61,"column":4},"end":{"line":61,"column":null}},"22":{"start":{"line":63,"column":4},"end":{"line":63,"column":null}},"23":{"start":{"line":67,"column":18},"end":{"line":67,"column":null}},"24":{"start":{"line":68,"column":18},"end":{"line":68,"column":null}},"25":{"start":{"line":68,"column":42},"end":{"line":68,"column":56}},"26":{"start":{"line":70,"column":4},"end":{"line":72,"column":null}},"27":{"start":{"line":71,"column":6},"end":{"line":71,"column":null}},"28":{"start":{"line":74,"column":24},"end":{"line":79,"column":null}},"29":{"start":{"line":81,"column":4},"end":{"line":81,"column":null}},"30":{"start":{"line":82,"column":4},"end":{"line":82,"column":null}},"31":{"start":{"line":84,"column":4},"end":{"line":84,"column":null}},"32":{"start":{"line":88,"column":18},"end":{"line":88,"column":null}},"33":{"start":{"line":89,"column":21},"end":{"line":89,"column":null}},"34":{"start":{"line":89,"column":42},"end":{"line":89,"column":56}},"35":{"start":{"line":91,"column":4},"end":{"line":93,"column":null}},"36":{"start":{"line":92,"column":6},"end":{"line":92,"column":null}},"37":{"start":{"line":95,"column":4},"end":{"line":95,"column":null}}},"fnMap":{"0":{"name":"(anonymous_0)","decl":{"start":{"line":8,"column":2},"end":{"line":8,"column":14}},"loc":{"start":{"line":8,"column":34},"end":{"line":10,"column":null}},"line":8},"1":{"name":"(anonymous_1)","decl":{"start":{"line":12,"column":12},"end":{"line":12,"column":26}},"loc":{"start":{"line":12,"column":26},"end":{"line":18,"column":null}},"line":12},"2":{"name":"(anonymous_2)","decl":{"start":{"line":20,"column":12},"end":{"line":20,"column":20}},"loc":{"start":{"line":20,"column":38},"end":{"line":23,"column":null}},"line":20},"3":{"name":"(anonymous_3)","decl":{"start":{"line":25,"column":12},"end":{"line":25,"column":27}},"loc":{"start":{"line":25,"column":50},"end":{"line":27,"column":null}},"line":25},"4":{"name":"(anonymous_4)","decl":{"start":{"line":26,"column":21},"end":{"line":26,"column":29}},"loc":{"start":{"line":26,"column":29},"end":{"line":26,"column":49}},"line":26},"5":{"name":"(anonymous_5)","decl":{"start":{"line":29,"column":12},"end":{"line":29,"column":29}},"loc":{"start":{"line":29,"column":51},"end":{"line":31,"column":null}},"line":29},"6":{"name":"(anonymous_6)","decl":{"start":{"line":30,"column":20},"end":{"line":30,"column":28}},"loc":{"start":{"line":30,"column":28},"end":{"line":30,"column":50}},"line":30},"7":{"name":"(anonymous_7)","decl":{"start":{"line":36,"column":12},"end":{"line":36,"column":33}},"loc":{"start":{"line":36,"column":33},"end":{"line":38,"column":null}},"line":36},"8":{"name":"(anonymous_8)","decl":{"start":{"line":40,"column":8},"end":{"line":40,"column":32}},"loc":{"start":{"line":40,"column":32},"end":{"line":42,"column":null}},"line":40},"9":{"name":"(anonymous_9)","decl":{"start":{"line":44,"column":8},"end":{"line":44,"column":17}},"loc":{"start":{"line":44,"column":48},"end":{"line":47,"column":null}},"line":44},"10":{"name":"(anonymous_10)","decl":{"start":{"line":46,"column":22},"end":{"line":46,"column":30}},"loc":{"start":{"line":46,"column":30},"end":{"line":46,"column":44}},"line":46},"11":{"name":"(anonymous_11)","decl":{"start":{"line":49,"column":8},"end":{"line":49,"column":15}},"loc":{"start":{"line":49,"column":78},"end":{"line":64,"column":null}},"line":49},"12":{"name":"(anonymous_12)","decl":{"start":{"line":66,"column":8},"end":{"line":66,"column":15}},"loc":{"start":{"line":66,"column":59},"end":{"line":85,"column":null}},"line":66},"13":{"name":"(anonymous_13)","decl":{"start":{"line":68,"column":34},"end":{"line":68,"column":42}},"loc":{"start":{"line":68,"column":42},"end":{"line":68,"column":56}},"line":68},"14":{"name":"(anonymous_14)","decl":{"start":{"line":87,"column":8},"end":{"line":87,"column":15}},"loc":{"start":{"line":87,"column":42},"end":{"line":96,"column":null}},"line":87},"15":{"name":"(anonymous_15)","decl":{"start":{"line":89,"column":34},"end":{"line":89,"column":42}},"loc":{"start":{"line":89,"column":42},"end":{"line":89,"column":56}},"line":89}},"branchMap":{"0":{"loc":{"start":{"line":14,"column":4},"end":{"line":14,"column":null}},"type":"if","locations":[{"start":{"line":14,"column":4},"end":{"line":14,"column":null}},{"start":{},"end":{}}],"line":14},"1":{"loc":{"start":{"line":46,"column":11},"end":{"line":46,"column":null}},"type":"binary-expr","locations":[{"start":{"line":46,"column":11},"end":{"line":46,"column":49}},{"start":{"line":46,"column":49},"end":{"line":46,"column":null}}],"line":46},"2":{"loc":{"start":{"line":70,"column":4},"end":{"line":72,"column":null}},"type":"if","locations":[{"start":{"line":70,"column":4},"end":{"line":72,"column":null}},{"start":{},"end":{}}],"line":70},"3":{"loc":{"start":{"line":91,"column":4},"end":{"line":93,"column":null}},"type":"if","locations":[{"start":{"line":91,"column":4},"end":{"line":93,"column":null}},{"start":{},"end":{}}],"line":91}},"s":{"0":62,"1":138,"2":138,"3":76,"4":62,"5":62,"6":89,"7":89,"8":89,"9":101,"10":61,"11":75,"12":69,"13":29,"14":11,"15":11,"16":8,"17":69,"18":69,"19":69,"20":69,"21":69,"22":69,"23":18,"24":18,"25":13,"26":18,"27":5,"28":13,"29":13,"30":13,"31":13,"32":11,"33":11,"34":9,"35":11,"36":4,"37":7},"f":{"0":62,"1":138,"2":89,"3":89,"4":101,"5":61,"6":75,"7":69,"8":29,"9":11,"10":8,"11":69,"12":18,"13":13,"14":11,"15":9},"b":{"0":[76,62],"1":[11,3],"2":[5,13],"3":[4,7]},"meta":{"lastBranch":4,"lastFunction":16,"lastStatement":38,"seen":{"f:8:2:8:14":0,"s:9:4:9:Infinity":0,"f:12:12:12:26":1,"s:13:17:13:Infinity":1,"b:14:4:14:Infinity:undefined:undefined:undefined:undefined":0,"s:14:4:14:Infinity":2,"s:14:15:14:Infinity":3,"s:16:19:16:Infinity":4,"s:17:4:17:Infinity":5,"f:20:12:20:20":2,"s:21:23:21:Infinity":6,"s:22:4:22:Infinity":7,"f:25:12:25:27":3,"s:26:4:26:Infinity":8,"f:26:21:26:29":4,"s:26:29:26:49":9,"f:29:12:29:29":5,"s:30:4:30:Infinity":10,"f:30:20:30:28":6,"s:30:28:30:50":11,"f:36:12:36:33":7,"s:37:4:37:Infinity":12,"f:40:8:40:32":8,"s:41:4:41:Infinity":13,"f:44:8:44:17":9,"s:45:18:45:Infinity":14,"s:46:4:46:Infinity":15,"b:46:11:46:49:46:49:46:Infinity":1,"f:46:22:46:30":10,"s:46:30:46:44":16,"f:49:8:49:15":11,"s:50:18:50:Infinity":17,"s:51:16:51:Infinity":18,"s:53:20:58:Infinity":19,"s:60:4:60:Infinity":20,"s:61:4:61:Infinity":21,"s:63:4:63:Infinity":22,"f:66:8:66:15":12,"s:67:18:67:Infinity":23,"s:68:18:68:Infinity":24,"f:68:34:68:42":13,"s:68:42:68:56":25,"b:70:4:72:Infinity:undefined:undefined:undefined:undefined":2,"s:70:4:72:Infinity":26,"s:71:6:71:Infinity":27,"s:74:24:79:Infinity":28,"s:81:4:81:Infinity":29,"s:82:4:82:Infinity":30,"s:84:4:84:Infinity":31,"f:87:8:87:15":14,"s:88:18:88:Infinity":32,"s:89:21:89:Infinity":33,"f:89:34:89:42":15,"s:89:42:89:56":34,"b:91:4:93:Infinity:undefined:undefined:undefined:undefined":3,"s:91:4:93:Infinity":35,"s:92:6:92:Infinity":36,"s:95:4:95:Infinity":37}}}
,"C:\\git\\IM1_Invoice_Manager\\InvoiceManager\\frontend\\src\\infrastructure\\repositories\\localstorage\\LocalStorageCardRepository.ts": {"path":"C:\\git\\IM1_Invoice_Manager\\InvoiceManager\\frontend\\src\\infrastructure\\repositories\\localstorage\\LocalStorageCardRepository.ts","statementMap":{"0":{"start":{"line":18,"column":4},"end":{"line":18,"column":null}},"1":{"start":{"line":22,"column":4},"end":{"line":28,"column":null}},"2":{"start":{"line":32,"column":23},"end":{"line":32,"column":null}},"3":{"start":{"line":33,"column":4},"end":{"line":39,"column":null}},"4":{"start":{"line":43,"column":4},"end":{"line":43,"column":null}},"5":{"start":{"line":47,"column":4},"end":{"line":47,"column":null}},"6":{"start":{"line":51,"column":18},"end":{"line":51,"column":null}},"7":{"start":{"line":52,"column":4},"end":{"line":52,"column":null}},"8":{"start":{"line":52,"column":32},"end":{"line":52,"column":66}}},"fnMap":{"0":{"name":"(anonymous_0)","decl":{"start":{"line":17,"column":2},"end":{"line":17,"column":16}},"loc":{"start":{"line":17,"column":16},"end":{"line":19,"column":null}},"line":17},"1":{"name":"(anonymous_1)","decl":{"start":{"line":21,"column":12},"end":{"line":21,"column":22}},"loc":{"start":{"line":21,"column":50},"end":{"line":29,"column":null}},"line":21},"2":{"name":"(anonymous_2)","decl":{"start":{"line":31,"column":12},"end":{"line":31,"column":24}},"loc":{"start":{"line":31,"column":45},"end":{"line":40,"column":null}},"line":31},"3":{"name":"(anonymous_3)","decl":{"start":{"line":42,"column":8},"end":{"line":42,"column":15}},"loc":{"start":{"line":42,"column":50},"end":{"line":44,"column":null}},"line":42},"4":{"name":"(anonymous_4)","decl":{"start":{"line":46,"column":8},"end":{"line":46,"column":15}},"loc":{"start":{"line":46,"column":62},"end":{"line":48,"column":null}},"line":46},"5":{"name":"(anonymous_5)","decl":{"start":{"line":50,"column":8},"end":{"line":50,"column":25}},"loc":{"start":{"line":50,"column":62},"end":{"line":53,"column":null}},"line":50},"6":{"name":"(anonymous_6)","decl":{"start":{"line":52,"column":24},"end":{"line":52,"column":32}},"loc":{"start":{"line":52,"column":32},"end":{"line":52,"column":66}},"line":52}},"branchMap":{},"s":{"0":23,"1":51,"2":34,"3":34,"4":35,"5":9,"6":3,"7":3,"8":4},"f":{"0":23,"1":51,"2":34,"3":35,"4":9,"5":3,"6":4},"b":{},"meta":{"lastBranch":0,"lastFunction":7,"lastStatement":9,"seen":{"f:17:2:17:16":0,"s:18:4:18:Infinity":0,"f:21:12:21:22":1,"s:22:4:28:Infinity":1,"f:31:12:31:24":2,"s:32:23:32:Infinity":2,"s:33:4:39:Infinity":3,"f:42:8:42:15":3,"s:43:4:43:Infinity":4,"f:46:8:46:15":4,"s:47:4:47:Infinity":5,"f:50:8:50:25":5,"s:51:18:51:Infinity":6,"s:52:4:52:Infinity":7,"f:52:24:52:32":6,"s:52:32:52:66":8}}}
,"C:\\git\\IM1_Invoice_Manager\\InvoiceManager\\frontend\\src\\infrastructure\\repositories\\localstorage\\LocalStorageInvoiceRepository.ts": {"path":"C:\\git\\IM1_Invoice_Manager\\InvoiceManager\\frontend\\src\\infrastructure\\repositories\\localstorage\\LocalStorageInvoiceRepository.ts","statementMap":{"0":{"start":{"line":38,"column":4},"end":{"line":38,"column":null}},"1":{"start":{"line":42,"column":4},"end":{"line":51,"column":null}},"2":{"start":{"line":48,"column":50},"end":{"line":48,"column":78}},"3":{"start":{"line":55,"column":23},"end":{"line":55,"column":null}},"4":{"start":{"line":56,"column":4},"end":{"line":65,"column":null}},"5":{"start":{"line":62,"column":53},"end":{"line":62,"column":83}},"6":{"start":{"line":69,"column":4},"end":{"line":77,"column":null}},"7":{"start":{"line":81,"column":4},"end":{"line":89,"column":null}},"8":{"start":{"line":93,"column":24},"end":{"line":93,"column":null}},"9":{"start":{"line":93,"column":67},"end":{"line":93,"column":83}},"10":{"start":{"line":94,"column":4},"end":{"line":98,"column":null}},"11":{"start":{"line":102,"column":4},"end":{"line":105,"column":null}},"12":{"start":{"line":103,"column":26},"end":{"line":103,"column":null}},"13":{"start":{"line":103,"column":69},"end":{"line":103,"column":85}},"14":{"start":{"line":104,"column":6},"end":{"line":104,"column":null}},"15":{"start":{"line":106,"column":4},"end":{"line":106,"column":null}},"16":{"start":{"line":110,"column":21},"end":{"line":110,"column":null}},"17":{"start":{"line":111,"column":4},"end":{"line":111,"column":null}},"18":{"start":{"line":111,"column":38},"end":{"line":111,"column":63}},"19":{"start":{"line":115,"column":21},"end":{"line":115,"column":null}},"20":{"start":{"line":116,"column":4},"end":{"line":116,"column":null}},"21":{"start":{"line":116,"column":38},"end":{"line":116,"column":63}},"22":{"start":{"line":120,"column":21},"end":{"line":120,"column":null}},"23":{"start":{"line":121,"column":4},"end":{"line":121,"column":null}},"24":{"start":{"line":121,"column":36},"end":{"line":121,"column":76}}},"fnMap":{"0":{"name":"(anonymous_0)","decl":{"start":{"line":37,"column":2},"end":{"line":37,"column":16}},"loc":{"start":{"line":37,"column":16},"end":{"line":39,"column":null}},"line":37},"1":{"name":"(anonymous_1)","decl":{"start":{"line":41,"column":12},"end":{"line":41,"column":22}},"loc":{"start":{"line":41,"column":59},"end":{"line":52,"column":null}},"line":41},"2":{"name":"(anonymous_2)","decl":{"start":{"line":48,"column":45},"end":{"line":48,"column":50}},"loc":{"start":{"line":48,"column":50},"end":{"line":48,"column":78}},"line":48},"3":{"name":"(anonymous_3)","decl":{"start":{"line":54,"column":12},"end":{"line":54,"column":24}},"loc":{"start":{"line":54,"column":48},"end":{"line":66,"column":null}},"line":54},"4":{"name":"(anonymous_4)","decl":{"start":{"line":62,"column":48},"end":{"line":62,"column":53}},"loc":{"start":{"line":62,"column":53},"end":{"line":62,"column":83}},"line":62},"5":{"name":"(anonymous_5)","decl":{"start":{"line":68,"column":10},"end":{"line":68,"column":31}},"loc":{"start":{"line":68,"column":80},"end":{"line":78,"column":null}},"line":68},"6":{"name":"(anonymous_6)","decl":{"start":{"line":80,"column":10},"end":{"line":80,"column":33}},"loc":{"start":{"line":80,"column":75},"end":{"line":90,"column":null}},"line":80},"7":{"name":"(anonymous_7)","decl":{"start":{"line":92,"column":8},"end":{"line":92,"column":15}},"loc":{"start":{"line":92,"column":56},"end":{"line":99,"column":null}},"line":92},"8":{"name":"(anonymous_8)","decl":{"start":{"line":93,"column":55},"end":{"line":93,"column":56}},"loc":{"start":{"line":93,"column":67},"end":{"line":93,"column":83}},"line":93},"9":{"name":"(anonymous_9)","decl":{"start":{"line":101,"column":8},"end":{"line":101,"column":15}},"loc":{"start":{"line":101,"column":68},"end":{"line":107,"column":null}},"line":101},"10":{"name":"(anonymous_10)","decl":{"start":{"line":103,"column":57},"end":{"line":103,"column":58}},"loc":{"start":{"line":103,"column":69},"end":{"line":103,"column":85}},"line":103},"11":{"name":"(anonymous_11)","decl":{"start":{"line":109,"column":8},"end":{"line":109,"column":21}},"loc":{"start":{"line":109,"column":57},"end":{"line":112,"column":null}},"line":109},"12":{"name":"(anonymous_12)","decl":{"start":{"line":111,"column":27},"end":{"line":111,"column":38}},"loc":{"start":{"line":111,"column":38},"end":{"line":111,"column":63}},"line":111},"13":{"name":"(anonymous_13)","decl":{"start":{"line":114,"column":8},"end":{"line":114,"column":21}},"loc":{"start":{"line":114,"column":64},"end":{"line":117,"column":null}},"line":114},"14":{"name":"(anonymous_14)","decl":{"start":{"line":116,"column":27},"end":{"line":116,"column":38}},"loc":{"start":{"line":116,"column":38},"end":{"line":116,"column":63}},"line":116},"15":{"name":"(anonymous_15)","decl":{"start":{"line":119,"column":8},"end":{"line":119,"column":51}},"loc":{"start":{"line":119,"column":51},"end":{"line":122,"column":null}},"line":119},"16":{"name":"(anonymous_16)","decl":{"start":{"line":121,"column":25},"end":{"line":121,"column":36}},"loc":{"start":{"line":121,"column":36},"end":{"line":121,"column":76}},"line":121}},"branchMap":{"0":{"loc":{"start":{"line":102,"column":4},"end":{"line":105,"column":null}},"type":"if","locations":[{"start":{"line":102,"column":4},"end":{"line":105,"column":null}},{"start":{},"end":{}}],"line":102},"1":{"loc":{"start":{"line":121,"column":11},"end":{"line":121,"column":null}},"type":"binary-expr","locations":[{"start":{"line":121,"column":11},"end":{"line":121,"column":81}},{"start":{"line":121,"column":81},"end":{"line":121,"column":null}}],"line":121}},"s":{"0":24,"1":34,"2":35,"3":29,"4":29,"5":29,"6":35,"7":29,"8":22,"9":23,"10":22,"11":6,"12":1,"13":1,"14":1,"15":5,"16":2,"17":2,"18":3,"19":3,"20":3,"21":4,"22":3,"23":3,"24":2},"f":{"0":24,"1":34,"2":35,"3":29,"4":29,"5":35,"6":29,"7":22,"8":23,"9":6,"10":1,"11":2,"12":3,"13":3,"14":4,"15":3,"16":2},"b":{"0":[1,5],"1":[3,2]},"meta":{"lastBranch":2,"lastFunction":17,"lastStatement":25,"seen":{"f:37:2:37:16":0,"s:38:4:38:Infinity":0,"f:41:12:41:22":1,"s:42:4:51:Infinity":1,"f:48:45:48:50":2,"s:48:50:48:78":2,"f:54:12:54:24":3,"s:55:23:55:Infinity":3,"s:56:4:65:Infinity":4,"f:62:48:62:53":4,"s:62:53:62:83":5,"f:68:10:68:31":5,"s:69:4:77:Infinity":6,"f:80:10:80:33":6,"s:81:4:89:Infinity":7,"f:92:8:92:15":7,"s:93:24:93:Infinity":8,"f:93:55:93:56":8,"s:93:67:93:83":9,"s:94:4:98:Infinity":10,"f:101:8:101:15":9,"b:102:4:105:Infinity:undefined:undefined:undefined:undefined":0,"s:102:4:105:Infinity":11,"s:103:26:103:Infinity":12,"f:103:57:103:58":10,"s:103:69:103:85":13,"s:104:6:104:Infinity":14,"s:106:4:106:Infinity":15,"f:109:8:109:21":11,"s:110:21:110:Infinity":16,"s:111:4:111:Infinity":17,"f:111:27:111:38":12,"s:111:38:111:63":18,"f:114:8:114:21":13,"s:115:21:115:Infinity":19,"s:116:4:116:Infinity":20,"f:116:27:116:38":14,"s:116:38:116:63":21,"f:119:8:119:51":15,"s:120:21:120:Infinity":22,"s:121:4:121:Infinity":23,"b:121:11:121:81:121:81:121:Infinity":1,"f:121:25:121:36":16,"s:121:36:121:76":24}}}
,"C:\\git\\IM1_Invoice_Manager\\InvoiceManager\\frontend\\src\\infrastructure\\repositories\\localstorage\\LocalStorageParticipantRepository.ts": {"path":"C:\\git\\IM1_Invoice_Manager\\InvoiceManager\\frontend\\src\\infrastructure\\repositories\\localstorage\\LocalStorageParticipantRepository.ts","statementMap":{"0":{"start":{"line":18,"column":4},"end":{"line":18,"column":null}},"1":{"start":{"line":22,"column":4},"end":{"line":28,"column":null}},"2":{"start":{"line":32,"column":23},"end":{"line":32,"column":null}},"3":{"start":{"line":33,"column":4},"end":{"line":39,"column":null}},"4":{"start":{"line":43,"column":4},"end":{"line":43,"column":null}},"5":{"start":{"line":47,"column":4},"end":{"line":47,"column":null}},"6":{"start":{"line":51,"column":25},"end":{"line":51,"column":null}},"7":{"start":{"line":52,"column":4},"end":{"line":52,"column":null}},"8":{"start":{"line":52,"column":34},"end":{"line":52,"column":63}}},"fnMap":{"0":{"name":"(anonymous_0)","decl":{"start":{"line":17,"column":2},"end":{"line":17,"column":16}},"loc":{"start":{"line":17,"column":16},"end":{"line":19,"column":null}},"line":17},"1":{"name":"(anonymous_1)","decl":{"start":{"line":21,"column":12},"end":{"line":21,"column":22}},"loc":{"start":{"line":21,"column":71},"end":{"line":29,"column":null}},"line":21},"2":{"name":"(anonymous_2)","decl":{"start":{"line":31,"column":12},"end":{"line":31,"column":24}},"loc":{"start":{"line":31,"column":52},"end":{"line":40,"column":null}},"line":31},"3":{"name":"(anonymous_3)","decl":{"start":{"line":42,"column":8},"end":{"line":42,"column":15}},"loc":{"start":{"line":42,"column":64},"end":{"line":44,"column":null}},"line":42},"4":{"name":"(anonymous_4)","decl":{"start":{"line":46,"column":8},"end":{"line":46,"column":15}},"loc":{"start":{"line":46,"column":76},"end":{"line":48,"column":null}},"line":46},"5":{"name":"(anonymous_5)","decl":{"start":{"line":50,"column":8},"end":{"line":50,"column":26}},"loc":{"start":{"line":50,"column":76},"end":{"line":53,"column":null}},"line":50},"6":{"name":"(anonymous_6)","decl":{"start":{"line":52,"column":29},"end":{"line":52,"column":34}},"loc":{"start":{"line":52,"column":34},"end":{"line":52,"column":63}},"line":52}},"branchMap":{"0":{"loc":{"start":{"line":52,"column":11},"end":{"line":52,"column":null}},"type":"binary-expr","locations":[{"start":{"line":52,"column":11},"end":{"line":52,"column":68}},{"start":{"line":52,"column":68},"end":{"line":52,"column":null}}],"line":52}},"s":{"0":15,"1":16,"2":12,"3":12,"4":12,"5":3,"6":3,"7":3,"8":2},"f":{"0":15,"1":16,"2":12,"3":12,"4":3,"5":3,"6":2},"b":{"0":[3,2]},"meta":{"lastBranch":1,"lastFunction":7,"lastStatement":9,"seen":{"f:17:2:17:16":0,"s:18:4:18:Infinity":0,"f:21:12:21:22":1,"s:22:4:28:Infinity":1,"f:31:12:31:24":2,"s:32:23:32:Infinity":2,"s:33:4:39:Infinity":3,"f:42:8:42:15":3,"s:43:4:43:Infinity":4,"f:46:8:46:15":4,"s:47:4:47:Infinity":5,"f:50:8:50:26":5,"s:51:25:51:Infinity":6,"s:52:4:52:Infinity":7,"b:52:11:52:68:52:68:52:Infinity":0,"f:52:29:52:34":6,"s:52:34:52:63":8}}}
,"C:\\git\\IM1_Invoice_Manager\\InvoiceManager\\frontend\\src\\presentation\\composables\\usePhoneMask.ts": {"path":"C:\\git\\IM1_Invoice_Manager\\InvoiceManager\\frontend\\src\\presentation\\composables\\usePhoneMask.ts","statementMap":{"0":{"start":{"line":3,"column":4},"end":{"line":3,"column":null}},"1":{"start":{"line":3,"column":16},"end":{"line":3,"column":null}},"2":{"start":{"line":5,"column":20},"end":{"line":5,"column":null}},"3":{"start":{"line":7,"column":4},"end":{"line":13,"column":null}},"4":{"start":{"line":8,"column":6},"end":{"line":8,"column":null}},"5":{"start":{"line":9,"column":4},"end":{"line":13,"column":null}},"6":{"start":{"line":10,"column":6},"end":{"line":10,"column":null}},"7":{"start":{"line":11,"column":4},"end":{"line":13,"column":null}},"8":{"start":{"line":12,"column":6},"end":{"line":12,"column":null}},"9":{"start":{"line":15,"column":4},"end":{"line":15,"column":null}},"10":{"start":{"line":19,"column":4},"end":{"line":19,"column":null}},"11":{"start":{"line":23,"column":20},"end":{"line":23,"column":null}},"12":{"start":{"line":24,"column":4},"end":{"line":24,"column":null}},"13":{"start":{"line":27,"column":2},"end":{"line":31,"column":null}}},"fnMap":{"0":{"name":"usePhoneMask","decl":{"start":{"line":1,"column":16},"end":{"line":1,"column":31}},"loc":{"start":{"line":1,"column":31},"end":{"line":32,"column":null}},"line":1},"1":{"name":"formatPhone","decl":{"start":{"line":2,"column":11},"end":{"line":2,"column":23}},"loc":{"start":{"line":2,"column":46},"end":{"line":16,"column":null}},"line":2},"2":{"name":"unformatPhone","decl":{"start":{"line":18,"column":11},"end":{"line":18,"column":25}},"loc":{"start":{"line":18,"column":48},"end":{"line":20,"column":null}},"line":18},"3":{"name":"validatePhone","decl":{"start":{"line":22,"column":11},"end":{"line":22,"column":25}},"loc":{"start":{"line":22,"column":49},"end":{"line":25,"column":null}},"line":22}},"branchMap":{"0":{"loc":{"start":{"line":3,"column":4},"end":{"line":3,"column":null}},"type":"if","locations":[{"start":{"line":3,"column":4},"end":{"line":3,"column":null}},{"start":{},"end":{}}],"line":3},"1":{"loc":{"start":{"line":7,"column":4},"end":{"line":13,"column":null}},"type":"if","locations":[{"start":{"line":7,"column":4},"end":{"line":13,"column":null}},{"start":{"line":9,"column":4},"end":{"line":13,"column":null}}],"line":7},"2":{"loc":{"start":{"line":9,"column":4},"end":{"line":13,"column":null}},"type":"if","locations":[{"start":{"line":9,"column":4},"end":{"line":13,"column":null}},{"start":{"line":11,"column":4},"end":{"line":13,"column":null}}],"line":9},"3":{"loc":{"start":{"line":11,"column":4},"end":{"line":13,"column":null}},"type":"if","locations":[{"start":{"line":11,"column":4},"end":{"line":13,"column":null}},{"start":{},"end":{}}],"line":11},"4":{"loc":{"start":{"line":24,"column":11},"end":{"line":24,"column":null}},"type":"binary-expr","locations":[{"start":{"line":24,"column":11},"end":{"line":24,"column":36}},{"start":{"line":24,"column":36},"end":{"line":24,"column":null}}],"line":24}},"s":{"0":15,"1":1,"2":14,"3":14,"4":2,"5":12,"6":3,"7":9,"8":8,"9":1,"10":20,"11":12,"12":12,"13":27},"f":{"0":27,"1":15,"2":20,"3":12},"b":{"0":[1,14],"1":[2,12],"2":[3,9],"3":[8,1],"4":[12,9]},"meta":{"lastBranch":5,"lastFunction":4,"lastStatement":14,"seen":{"f:1:16:1:31":0,"f:2:11:2:23":1,"b:3:4:3:Infinity:undefined:undefined:undefined:undefined":0,"s:3:4:3:Infinity":0,"s:3:16:3:Infinity":1,"s:5:20:5:Infinity":2,"b:7:4:13:Infinity:9:4:13:Infinity":1,"s:7:4:13:Infinity":3,"s:8:6:8:Infinity":4,"b:9:4:13:Infinity:11:4:13:Infinity":2,"s:9:4:13:Infinity":5,"s:10:6:10:Infinity":6,"b:11:4:13:Infinity:undefined:undefined:undefined:undefined":3,"s:11:4:13:Infinity":7,"s:12:6:12:Infinity":8,"s:15:4:15:Infinity":9,"f:18:11:18:25":2,"s:19:4:19:Infinity":10,"f:22:11:22:25":3,"s:23:20:23:Infinity":11,"s:24:4:24:Infinity":12,"b:24:11:24:36:24:36:24:Infinity":4,"s:27:2:31:Infinity":13}}}
,"C:\\git\\IM1_Invoice_Manager\\InvoiceManager\\frontend\\src\\presentation\\stores\\cardStore.ts": {"path":"C:\\git\\IM1_Invoice_Manager\\InvoiceManager\\frontend\\src\\presentation\\stores\\cardStore.ts","statementMap":{"0":{"start":{"line":6,"column":23},"end":{"line":6,"column":null}},"1":{"start":{"line":8,"column":13},"end":{"line":90,"column":null}},"2":{"start":{"line":9,"column":8},"end":{"line":9,"column":null}},"3":{"start":{"line":10,"column":8},"end":{"line":10,"column":null}},"4":{"start":{"line":11,"column":8},"end":{"line":11,"column":null}},"5":{"start":{"line":13,"column":8},"end":{"line":13,"column":null}},"6":{"start":{"line":13,"column":35},"end":{"line":13,"column":53}},"7":{"start":{"line":16,"column":4},"end":{"line":16,"column":null}},"8":{"start":{"line":17,"column":4},"end":{"line":17,"column":null}},"9":{"start":{"line":18,"column":4},"end":{"line":25,"column":null}},"10":{"start":{"line":19,"column":6},"end":{"line":19,"column":null}},"11":{"start":{"line":21,"column":6},"end":{"line":21,"column":null}},"12":{"start":{"line":22,"column":6},"end":{"line":22,"column":null}},"13":{"start":{"line":24,"column":6},"end":{"line":24,"column":null}},"14":{"start":{"line":29,"column":4},"end":{"line":29,"column":null}},"15":{"start":{"line":30,"column":4},"end":{"line":30,"column":null}},"16":{"start":{"line":31,"column":4},"end":{"line":40,"column":null}},"17":{"start":{"line":32,"column":19},"end":{"line":32,"column":null}},"18":{"start":{"line":33,"column":6},"end":{"line":33,"column":null}},"19":{"start":{"line":34,"column":6},"end":{"line":34,"column":null}},"20":{"start":{"line":36,"column":6},"end":{"line":36,"column":null}},"21":{"start":{"line":37,"column":6},"end":{"line":37,"column":null}},"22":{"start":{"line":39,"column":6},"end":{"line":39,"column":null}},"23":{"start":{"line":44,"column":4},"end":{"line":44,"column":null}},"24":{"start":{"line":45,"column":4},"end":{"line":45,"column":null}},"25":{"start":{"line":46,"column":4},"end":{"line":58,"column":null}},"26":{"start":{"line":47,"column":19},"end":{"line":47,"column":null}},"27":{"start":{"line":48,"column":20},"end":{"line":48,"column":null}},"28":{"start":{"line":48,"column":47},"end":{"line":48,"column":58}},"29":{"start":{"line":49,"column":6},"end":{"line":51,"column":null}},"30":{"start":{"line":50,"column":8},"end":{"line":50,"column":null}},"31":{"start":{"line":52,"column":6},"end":{"line":52,"column":null}},"32":{"start":{"line":54,"column":6},"end":{"line":54,"column":null}},"33":{"start":{"line":55,"column":6},"end":{"line":55,"column":null}},"34":{"start":{"line":57,"column":6},"end":{"line":57,"column":null}},"35":{"start":{"line":62,"column":4},"end":{"line":62,"column":null}},"36":{"start":{"line":63,"column":4},"end":{"line":63,"column":null}},"37":{"start":{"line":64,"column":4},"end":{"line":72,"column":null}},"38":{"start":{"line":65,"column":6},"end":{"line":65,"column":null}},"39":{"start":{"line":66,"column":6},"end":{"line":66,"column":null}},"40":{"start":{"line":66,"column":44},"end":{"line":66,"column":55}},"41":{"start":{"line":68,"column":6},"end":{"line":68,"column":null}},"42":{"start":{"line":69,"column":6},"end":{"line":69,"column":null}},"43":{"start":{"line":71,"column":6},"end":{"line":71,"column":null}},"44":{"start":{"line":76,"column":4},"end":{"line":76,"column":null}},"45":{"start":{"line":76,"column":33},"end":{"line":76,"column":44}},"46":{"start":{"line":79,"column":2},"end":{"line":89,"column":null}}},"fnMap":{"0":{"name":"(anonymous_0)","decl":{"start":{"line":8,"column":48},"end":{"line":8,"column":54}},"loc":{"start":{"line":8,"column":54},"end":{"line":90,"column":1}},"line":8},"1":{"name":"(anonymous_1)","decl":{"start":{"line":13,"column":29},"end":{"line":13,"column":35}},"loc":{"start":{"line":13,"column":35},"end":{"line":13,"column":53}},"line":13},"2":{"name":"fetchCards","decl":{"start":{"line":15,"column":17},"end":{"line":15,"column":30}},"loc":{"start":{"line":15,"column":30},"end":{"line":26,"column":null}},"line":15},"3":{"name":"createCard","decl":{"start":{"line":28,"column":17},"end":{"line":28,"column":28}},"loc":{"start":{"line":28,"column":48},"end":{"line":41,"column":null}},"line":28},"4":{"name":"updateCard","decl":{"start":{"line":43,"column":17},"end":{"line":43,"column":28}},"loc":{"start":{"line":43,"column":60},"end":{"line":59,"column":null}},"line":43},"5":{"name":"(anonymous_5)","decl":{"start":{"line":48,"column":42},"end":{"line":48,"column":47}},"loc":{"start":{"line":48,"column":47},"end":{"line":48,"column":58}},"line":48},"6":{"name":"deleteCard","decl":{"start":{"line":61,"column":17},"end":{"line":61,"column":28}},"loc":{"start":{"line":61,"column":40},"end":{"line":73,"column":null}},"line":61},"7":{"name":"(anonymous_7)","decl":{"start":{"line":66,"column":39},"end":{"line":66,"column":44}},"loc":{"start":{"line":66,"column":44},"end":{"line":66,"column":55}},"line":66},"8":{"name":"getCardById","decl":{"start":{"line":75,"column":11},"end":{"line":75,"column":23}},"loc":{"start":{"line":75,"column":35},"end":{"line":77,"column":null}},"line":75},"9":{"name":"(anonymous_9)","decl":{"start":{"line":76,"column":28},"end":{"line":76,"column":33}},"loc":{"start":{"line":76,"column":33},"end":{"line":76,"column":44}},"line":76}},"branchMap":{"0":{"loc":{"start":{"line":21,"column":20},"end":{"line":21,"column":null}},"type":"cond-expr","locations":[{"start":{"line":21,"column":41},"end":{"line":21,"column":53}},{"start":{"line":21,"column":53},"end":{"line":21,"column":null}}],"line":21},"1":{"loc":{"start":{"line":36,"column":20},"end":{"line":36,"column":null}},"type":"cond-expr","locations":[{"start":{"line":36,"column":41},"end":{"line":36,"column":53}},{"start":{"line":36,"column":53},"end":{"line":36,"column":null}}],"line":36},"2":{"loc":{"start":{"line":49,"column":6},"end":{"line":51,"column":null}},"type":"if","locations":[{"start":{"line":49,"column":6},"end":{"line":51,"column":null}},{"start":{},"end":{}}],"line":49},"3":{"loc":{"start":{"line":54,"column":20},"end":{"line":54,"column":null}},"type":"cond-expr","locations":[{"start":{"line":54,"column":41},"end":{"line":54,"column":53}},{"start":{"line":54,"column":53},"end":{"line":54,"column":null}}],"line":54},"4":{"loc":{"start":{"line":68,"column":20},"end":{"line":68,"column":null}},"type":"cond-expr","locations":[{"start":{"line":68,"column":41},"end":{"line":68,"column":53}},{"start":{"line":68,"column":53},"end":{"line":68,"column":null}}],"line":68}},"s":{"0":1,"1":1,"2":21,"3":21,"4":21,"5":21,"6":4,"7":3,"8":3,"9":3,"10":3,"11":1,"12":1,"13":3,"14":13,"15":13,"16":13,"17":13,"18":13,"19":13,"20":0,"21":0,"22":13,"23":4,"24":4,"25":4,"26":4,"27":2,"28":2,"29":2,"30":2,"31":2,"32":2,"33":2,"34":4,"35":3,"36":3,"37":3,"38":3,"39":2,"40":3,"41":1,"42":1,"43":3,"44":2,"45":1,"46":21},"f":{"0":21,"1":4,"2":3,"3":13,"4":4,"5":2,"6":3,"7":3,"8":2,"9":1},"b":{"0":[1,0],"1":[0,0],"2":[2,0],"3":[2,0],"4":[1,0]},"meta":{"lastBranch":5,"lastFunction":10,"lastStatement":47,"seen":{"s:6:23:6:Infinity":0,"s:8:13:90:Infinity":1,"f:8:48:8:54":0,"s:9:8:9:Infinity":2,"s:10:8:10:Infinity":3,"s:11:8:11:Infinity":4,"s:13:8:13:Infinity":5,"f:13:29:13:35":1,"s:13:35:13:53":6,"f:15:17:15:30":2,"s:16:4:16:Infinity":7,"s:17:4:17:Infinity":8,"s:18:4:25:Infinity":9,"s:19:6:19:Infinity":10,"s:21:6:21:Infinity":11,"b:21:41:21:53:21:53:21:Infinity":0,"s:22:6:22:Infinity":12,"s:24:6:24:Infinity":13,"f:28:17:28:28":3,"s:29:4:29:Infinity":14,"s:30:4:30:Infinity":15,"s:31:4:40:Infinity":16,"s:32:19:32:Infinity":17,"s:33:6:33:Infinity":18,"s:34:6:34:Infinity":19,"s:36:6:36:Infinity":20,"b:36:41:36:53:36:53:36:Infinity":1,"s:37:6:37:Infinity":21,"s:39:6:39:Infinity":22,"f:43:17:43:28":4,"s:44:4:44:Infinity":23,"s:45:4:45:Infinity":24,"s:46:4:58:Infinity":25,"s:47:19:47:Infinity":26,"s:48:20:48:Infinity":27,"f:48:42:48:47":5,"s:48:47:48:58":28,"b:49:6:51:Infinity:undefined:undefined:undefined:undefined":2,"s:49:6:51:Infinity":29,"s:50:8:50:Infinity":30,"s:52:6:52:Infinity":31,"s:54:6:54:Infinity":32,"b:54:41:54:53:54:53:54:Infinity":3,"s:55:6:55:Infinity":33,"s:57:6:57:Infinity":34,"f:61:17:61:28":6,"s:62:4:62:Infinity":35,"s:63:4:63:Infinity":36,"s:64:4:72:Infinity":37,"s:65:6:65:Infinity":38,"s:66:6:66:Infinity":39,"f:66:39:66:44":7,"s:66:44:66:55":40,"s:68:6:68:Infinity":41,"b:68:41:68:53:68:53:68:Infinity":4,"s:69:6:69:Infinity":42,"s:71:6:71:Infinity":43,"f:75:11:75:23":8,"s:76:4:76:Infinity":44,"f:76:28:76:33":9,"s:76:33:76:44":45,"s:79:2:89:Infinity":46}}}
,"C:\\git\\IM1_Invoice_Manager\\InvoiceManager\\frontend\\src\\shared\\utils\\MoneyCalculator.ts": {"path":"C:\\git\\IM1_Invoice_Manager\\InvoiceManager\\frontend\\src\\shared\\utils\\MoneyCalculator.ts","statementMap":{"0":{"start":{"line":3,"column":0},"end":{"line":3,"column":null}},"1":{"start":{"line":4,"column":0},"end":{"line":4,"column":null}},"2":{"start":{"line":8,"column":4},"end":{"line":10,"column":null}},"3":{"start":{"line":9,"column":6},"end":{"line":9,"column":null}},"4":{"start":{"line":14,"column":4},"end":{"line":14,"column":null}},"5":{"start":{"line":18,"column":4},"end":{"line":18,"column":null}},"6":{"start":{"line":22,"column":4},"end":{"line":22,"column":null}},"7":{"start":{"line":22,"column":23},"end":{"line":22,"column":null}},"8":{"start":{"line":23,"column":4},"end":{"line":23,"column":null}},"9":{"start":{"line":27,"column":4},"end":{"line":27,"column":null}},"10":{"start":{"line":31,"column":4},"end":{"line":31,"column":null}},"11":{"start":{"line":31,"column":28},"end":{"line":31,"column":null}},"12":{"start":{"line":33,"column":21},"end":{"line":33,"column":null}},"13":{"start":{"line":34,"column":22},"end":{"line":34,"column":null}},"14":{"start":{"line":35,"column":28},"end":{"line":35,"column":null}},"15":{"start":{"line":37,"column":4},"end":{"line":39,"column":null}},"16":{"start":{"line":37,"column":17},"end":{"line":37,"column":20}},"17":{"start":{"line":38,"column":6},"end":{"line":38,"column":null}},"18":{"start":{"line":41,"column":24},"end":{"line":41,"column":null}},"19":{"start":{"line":41,"column":51},"end":{"line":41,"column":86}},"20":{"start":{"line":42,"column":21},"end":{"line":42,"column":null}},"21":{"start":{"line":43,"column":4},"end":{"line":43,"column":null}},"22":{"start":{"line":45,"column":4},"end":{"line":45,"column":null}},"23":{"start":{"line":49,"column":4},"end":{"line":49,"column":null}},"24":{"start":{"line":53,"column":4},"end":{"line":53,"column":null}},"25":{"start":{"line":57,"column":4},"end":{"line":60,"column":null}}},"fnMap":{"0":{"name":"(anonymous_0)","decl":{"start":{"line":7,"column":9},"end":{"line":7,"column":16}},"loc":{"start":{"line":7,"column":42},"end":{"line":11,"column":null}},"line":7},"1":{"name":"(anonymous_1)","decl":{"start":{"line":8,"column":25},"end":{"line":8,"column":26}},"loc":{"start":{"line":8,"column":39},"end":{"line":10,"column":7}},"line":8},"2":{"name":"(anonymous_2)","decl":{"start":{"line":13,"column":9},"end":{"line":13,"column":18}},"loc":{"start":{"line":13,"column":63},"end":{"line":15,"column":null}},"line":13},"3":{"name":"(anonymous_3)","decl":{"start":{"line":17,"column":9},"end":{"line":17,"column":18}},"loc":{"start":{"line":17,"column":61},"end":{"line":19,"column":null}},"line":17},"4":{"name":"(anonymous_4)","decl":{"start":{"line":21,"column":9},"end":{"line":21,"column":16}},"loc":{"start":{"line":21,"column":59},"end":{"line":24,"column":null}},"line":21},"5":{"name":"(anonymous_5)","decl":{"start":{"line":26,"column":9},"end":{"line":26,"column":15}},"loc":{"start":{"line":26,"column":38},"end":{"line":28,"column":null}},"line":26},"6":{"name":"(anonymous_6)","decl":{"start":{"line":30,"column":9},"end":{"line":30,"column":22}},"loc":{"start":{"line":30,"column":70},"end":{"line":46,"column":null}},"line":30},"7":{"name":"(anonymous_7)","decl":{"start":{"line":41,"column":37},"end":{"line":41,"column":38}},"loc":{"start":{"line":41,"column":51},"end":{"line":41,"column":86}},"line":41},"8":{"name":"(anonymous_8)","decl":{"start":{"line":48,"column":9},"end":{"line":48,"column":16}},"loc":{"start":{"line":48,"column":57},"end":{"line":50,"column":null}},"line":48},"9":{"name":"(anonymous_9)","decl":{"start":{"line":52,"column":9},"end":{"line":52,"column":22}},"loc":{"start":{"line":52,"column":46},"end":{"line":54,"column":null}},"line":52},"10":{"name":"(anonymous_10)","decl":{"start":{"line":56,"column":9},"end":{"line":56,"column":16}},"loc":{"start":{"line":56,"column":39},"end":{"line":61,"column":null}},"line":56}},"branchMap":{"0":{"loc":{"start":{"line":22,"column":4},"end":{"line":22,"column":null}},"type":"if","locations":[{"start":{"line":22,"column":4},"end":{"line":22,"column":null}},{"start":{},"end":{}}],"line":22},"1":{"loc":{"start":{"line":31,"column":4},"end":{"line":31,"column":null}},"type":"if","locations":[{"start":{"line":31,"column":4},"end":{"line":31,"column":null}},{"start":{},"end":{}}],"line":31}},"s":{"0":1,"1":1,"2":17,"3":32,"4":5,"5":6,"6":6,"7":1,"8":5,"9":7,"10":7,"11":2,"12":5,"13":5,"14":5,"15":5,"16":5,"17":13,"18":5,"19":13,"20":5,"21":5,"22":5,"23":6,"24":7,"25":4},"f":{"0":1,"1":32,"2":1,"3":1,"4":1,"5":1,"6":1,"7":13,"8":1,"9":1,"10":1},"b":{"0":[1,5],"1":[2,5]},"meta":{"lastBranch":2,"lastFunction":11,"lastStatement":26,"seen":{"s:3:0:3:Infinity":0,"s:4:0:4:Infinity":1,"f:7:9:7:16":0,"s:8:4:10:Infinity":2,"f:8:25:8:26":1,"s:9:6:9:Infinity":3,"f:13:9:13:18":2,"s:14:4:14:Infinity":4,"f:17:9:17:18":3,"s:18:4:18:Infinity":5,"f:21:9:21:16":4,"b:22:4:22:Infinity:undefined:undefined:undefined:undefined":0,"s:22:4:22:Infinity":6,"s:22:23:22:Infinity":7,"s:23:4:23:Infinity":8,"f:26:9:26:15":5,"s:27:4:27:Infinity":9,"f:30:9:30:22":6,"b:31:4:31:Infinity:undefined:undefined:undefined:undefined":1,"s:31:4:31:Infinity":10,"s:31:28:31:Infinity":11,"s:33:21:33:Infinity":12,"s:34:22:34:Infinity":13,"s:35:28:35:Infinity":14,"s:37:4:39:Infinity":15,"s:37:17:37:20":16,"s:38:6:38:Infinity":17,"s:41:24:41:Infinity":18,"f:41:37:41:38":7,"s:41:51:41:86":19,"s:42:21:42:Infinity":20,"s:43:4:43:Infinity":21,"s:45:4:45:Infinity":22,"f:48:9:48:16":8,"s:49:4:49:Infinity":23,"f:52:9:52:22":9,"s:53:4:53:Infinity":24,"f:56:9:56:16":10,"s:57:4:60:Infinity":25}}}
,"C:\\git\\IM1_Invoice_Manager\\InvoiceManager\\frontend\\src\\stores\\locale.ts": {"path":"C:\\git\\IM1_Invoice_Manager\\InvoiceManager\\frontend\\src\\stores\\locale.ts","statementMap":{"0":{"start":{"line":6,"column":27},"end":{"line":6,"column":null}},"1":{"start":{"line":9,"column":22},"end":{"line":9,"column":null}},"2":{"start":{"line":10,"column":2},"end":{"line":10,"column":null}},"3":{"start":{"line":14,"column":22},"end":{"line":16,"column":null}},"4":{"start":{"line":18,"column":2},"end":{"line":20,"column":null}},"5":{"start":{"line":19,"column":4},"end":{"line":19,"column":null}},"6":{"start":{"line":22,"column":2},"end":{"line":22,"column":null}},"7":{"start":{"line":26,"column":3},"end":{"line":26,"column":null}},"8":{"start":{"line":30,"column":2},"end":{"line":30,"column":null}},"9":{"start":{"line":33,"column":13},"end":{"line":58,"column":null}},"10":{"start":{"line":34,"column":8},"end":{"line":34,"column":null}},"11":{"start":{"line":36,"column":27},"end":{"line":40,"column":null}},"12":{"start":{"line":37,"column":19},"end":{"line":37,"column":null}},"13":{"start":{"line":38,"column":4},"end":{"line":38,"column":null}},"14":{"start":{"line":39,"column":4},"end":{"line":39,"column":null}},"15":{"start":{"line":42,"column":20},"end":{"line":46,"column":null}},"16":{"start":{"line":43,"column":4},"end":{"line":43,"column":null}},"17":{"start":{"line":44,"column":4},"end":{"line":44,"column":null}},"18":{"start":{"line":45,"column":4},"end":{"line":45,"column":null}},"19":{"start":{"line":48,"column":2},"end":{"line":51,"column":null}},"20":{"start":{"line":49,"column":4},"end":{"line":49,"column":null}},"21":{"start":{"line":50,"column":4},"end":{"line":50,"column":null}},"22":{"start":{"line":53,"column":2},"end":{"line":57,"column":null}}},"fnMap":{"0":{"name":"detectBrowserLocale","decl":{"start":{"line":8,"column":9},"end":{"line":8,"column":43}},"loc":{"start":{"line":8,"column":43},"end":{"line":11,"column":null}},"line":8},"1":{"name":"loadSavedLocaleOrDetect","decl":{"start":{"line":13,"column":9},"end":{"line":13,"column":47}},"loc":{"start":{"line":13,"column":47},"end":{"line":23,"column":null}},"line":13},"2":{"name":"syncLocaleWithI18n","decl":{"start":{"line":25,"column":9},"end":{"line":25,"column":28}},"loc":{"start":{"line":25,"column":48},"end":{"line":27,"column":null}},"line":25},"3":{"name":"persistLocale","decl":{"start":{"line":29,"column":9},"end":{"line":29,"column":23}},"loc":{"start":{"line":29,"column":43},"end":{"line":31,"column":null}},"line":29},"4":{"name":"(anonymous_4)","decl":{"start":{"line":33,"column":52},"end":{"line":33,"column":58}},"loc":{"start":{"line":33,"column":58},"end":{"line":58,"column":1}},"line":33},"5":{"name":"(anonymous_5)","decl":{"start":{"line":36,"column":27},"end":{"line":36,"column":33}},"loc":{"start":{"line":36,"column":33},"end":{"line":40,"column":null}},"line":36},"6":{"name":"(anonymous_6)","decl":{"start":{"line":42,"column":20},"end":{"line":42,"column":21}},"loc":{"start":{"line":42,"column":44},"end":{"line":46,"column":null}},"line":42},"7":{"name":"(anonymous_7)","decl":{"start":{"line":48,"column":23},"end":{"line":48,"column":24}},"loc":{"start":{"line":48,"column":38},"end":{"line":51,"column":3}},"line":48}},"branchMap":{"0":{"loc":{"start":{"line":10,"column":9},"end":{"line":10,"column":null}},"type":"cond-expr","locations":[{"start":{"line":10,"column":40},"end":{"line":10,"column":50}},{"start":{"line":10,"column":50},"end":{"line":10,"column":null}}],"line":10},"1":{"loc":{"start":{"line":18,"column":2},"end":{"line":20,"column":null}},"type":"if","locations":[{"start":{"line":18,"column":2},"end":{"line":20,"column":null}},{"start":{},"end":{}}],"line":18},"2":{"loc":{"start":{"line":18,"column":6},"end":{"line":18,"column":75}},"type":"binary-expr","locations":[{"start":{"line":18,"column":6},"end":{"line":18,"column":22}},{"start":{"line":18,"column":22},"end":{"line":18,"column":49}},{"start":{"line":18,"column":49},"end":{"line":18,"column":75}}],"line":18}},"s":{"0":1,"1":1,"2":1,"3":2,"4":2,"5":1,"6":1,"7":7,"8":5,"9":1,"10":5,"11":5,"12":2,"13":2,"14":2,"15":5,"16":2,"17":2,"18":2,"19":5,"20":3,"21":3,"22":5},"f":{"0":1,"1":2,"2":7,"3":5,"4":5,"5":2,"6":2,"7":3},"b":{"0":[0,1],"1":[1,1],"2":[2,1,1]},"meta":{"lastBranch":3,"lastFunction":8,"lastStatement":23,"seen":{"s:6:27:6:Infinity":0,"f:8:9:8:43":0,"s:9:22:9:Infinity":1,"s:10:2:10:Infinity":2,"b:10:40:10:50:10:50:10:Infinity":0,"f:13:9:13:47":1,"s:14:22:16:Infinity":3,"b:18:2:20:Infinity:undefined:undefined:undefined:undefined":1,"s:18:2:20:Infinity":4,"b:18:6:18:22:18:22:18:49:18:49:18:75":2,"s:19:4:19:Infinity":5,"s:22:2:22:Infinity":6,"f:25:9:25:28":2,"s:26:3:26:Infinity":7,"f:29:9:29:23":3,"s:30:2:30:Infinity":8,"s:33:13:58:Infinity":9,"f:33:52:33:58":4,"s:34:8:34:Infinity":10,"s:36:27:40:Infinity":11,"f:36:27:36:33":5,"s:37:19:37:Infinity":12,"s:38:4:38:Infinity":13,"s:39:4:39:Infinity":14,"s:42:20:46:Infinity":15,"f:42:20:42:21":6,"s:43:4:43:Infinity":16,"s:44:4:44:Infinity":17,"s:45:4:45:Infinity":18,"s:48:2:51:Infinity":19,"f:48:23:48:24":7,"s:49:4:49:Infinity":20,"s:50:4:50:Infinity":21,"s:53:2:57:Infinity":22}}}
,"C:\\git\\IM1_Invoice_Manager\\InvoiceManager\\frontend\\src\\stores\\theme.ts": {"path":"C:\\git\\IM1_Invoice_Manager\\InvoiceManager\\frontend\\src\\stores\\theme.ts","statementMap":{"0":{"start":{"line":27,"column":13},"end":{"line":117,"column":null}},"1":{"start":{"line":28,"column":8},"end":{"line":28,"column":null}},"2":{"start":{"line":29,"column":8},"end":{"line":29,"column":null}},"3":{"start":{"line":30,"column":8},"end":{"line":30,"column":null}},"4":{"start":{"line":32,"column":8},"end":{"line":32,"column":null}},"5":{"start":{"line":32,"column":38},"end":{"line":32,"column":70}},"6":{"start":{"line":33,"column":8},"end":{"line":35,"column":null}},"7":{"start":{"line":34,"column":10},"end":{"line":34,"column":null}},"8":{"start":{"line":36,"column":8},"end":{"line":38,"column":null}},"9":{"start":{"line":37,"column":10},"end":{"line":37,"column":null}},"10":{"start":{"line":39,"column":8},"end":{"line":41,"column":null}},"11":{"start":{"line":40,"column":10},"end":{"line":40,"column":null}},"12":{"start":{"line":44,"column":23},"end":{"line":44,"column":null}},"13":{"start":{"line":45,"column":4},"end":{"line":45,"column":null}},"14":{"start":{"line":49,"column":4},"end":{"line":49,"column":null}},"15":{"start":{"line":49,"column":28},"end":{"line":49,"column":null}},"16":{"start":{"line":51,"column":17},"end":{"line":51,"column":null}},"17":{"start":{"line":52,"column":4},"end":{"line":52,"column":null}},"18":{"start":{"line":54,"column":4},"end":{"line":61,"column":null}},"19":{"start":{"line":65,"column":4},"end":{"line":79,"column":null}},"20":{"start":{"line":66,"column":6},"end":{"line":66,"column":null}},"21":{"start":{"line":67,"column":23},"end":{"line":67,"column":null}},"22":{"start":{"line":68,"column":6},"end":{"line":70,"column":null}},"23":{"start":{"line":69,"column":8},"end":{"line":69,"column":null}},"24":{"start":{"line":71,"column":6},"end":{"line":71,"column":null}},"25":{"start":{"line":73,"column":6},"end":{"line":73,"column":null}},"26":{"start":{"line":74,"column":6},"end":{"line":74,"column":null}},"27":{"start":{"line":76,"column":6},"end":{"line":76,"column":null}},"28":{"start":{"line":78,"column":6},"end":{"line":78,"column":null}},"29":{"start":{"line":83,"column":4},"end":{"line":83,"column":null}},"30":{"start":{"line":84,"column":4},"end":{"line":84,"column":null}},"31":{"start":{"line":85,"column":4},"end":{"line":85,"column":null}},"32":{"start":{"line":89,"column":4},"end":{"line":89,"column":null}},"33":{"start":{"line":90,"column":4},"end":{"line":90,"column":null}},"34":{"start":{"line":91,"column":4},"end":{"line":91,"column":null}},"35":{"start":{"line":95,"column":4},"end":{"line":95,"column":null}},"36":{"start":{"line":95,"column":28},"end":{"line":95,"column":null}},"37":{"start":{"line":97,"column":4},"end":{"line":100,"column":null}},"38":{"start":{"line":101,"column":4},"end":{"line":101,"column":null}},"39":{"start":{"line":104,"column":2},"end":{"line":116,"column":null}}},"fnMap":{"0":{"name":"(anonymous_0)","decl":{"start":{"line":27,"column":50},"end":{"line":27,"column":56}},"loc":{"start":{"line":27,"column":56},"end":{"line":117,"column":1}},"line":27},"1":{"name":"(anonymous_1)","decl":{"start":{"line":32,"column":31},"end":{"line":32,"column":38}},"loc":{"start":{"line":32,"column":38},"end":{"line":32,"column":70}},"line":32},"2":{"name":"(anonymous_2)","decl":{"start":{"line":34,"column":4},"end":{"line":34,"column":10}},"loc":{"start":{"line":34,"column":10},"end":{"line":34,"column":null}},"line":34},"3":{"name":"(anonymous_3)","decl":{"start":{"line":37,"column":4},"end":{"line":37,"column":10}},"loc":{"start":{"line":37,"column":10},"end":{"line":37,"column":null}},"line":37},"4":{"name":"(anonymous_4)","decl":{"start":{"line":40,"column":4},"end":{"line":40,"column":10}},"loc":{"start":{"line":40,"column":10},"end":{"line":40,"column":null}},"line":40},"5":{"name":"loadSavedThemePreference","decl":{"start":{"line":43,"column":11},"end":{"line":43,"column":38}},"loc":{"start":{"line":43,"column":38},"end":{"line":46,"column":null}},"line":43},"6":{"name":"applyThemeToVuetify","decl":{"start":{"line":48,"column":11},"end":{"line":48,"column":33}},"loc":{"start":{"line":48,"column":33},"end":{"line":62,"column":null}},"line":48},"7":{"name":"loadTheme","decl":{"start":{"line":64,"column":17},"end":{"line":64,"column":29}},"loc":{"start":{"line":64,"column":29},"end":{"line":80,"column":null}},"line":64},"8":{"name":"toggleTheme","decl":{"start":{"line":82,"column":11},"end":{"line":82,"column":25}},"loc":{"start":{"line":82,"column":25},"end":{"line":86,"column":null}},"line":82},"9":{"name":"setTheme","decl":{"start":{"line":88,"column":11},"end":{"line":88,"column":20}},"loc":{"start":{"line":88,"column":44},"end":{"line":92,"column":null}},"line":88},"10":{"name":"updateThemeColors","decl":{"start":{"line":94,"column":11},"end":{"line":94,"column":29}},"loc":{"start":{"line":94,"column":61},"end":{"line":102,"column":null}},"line":94}},"branchMap":{"0":{"loc":{"start":{"line":32,"column":38},"end":{"line":32,"column":70}},"type":"cond-expr","locations":[{"start":{"line":32,"column":53},"end":{"line":32,"column":62}},{"start":{"line":32,"column":62},"end":{"line":32,"column":70}}],"line":32},"1":{"loc":{"start":{"line":34,"column":10},"end":{"line":34,"column":null}},"type":"binary-expr","locations":[{"start":{"line":34,"column":10},"end":{"line":34,"column":56}},{"start":{"line":34,"column":56},"end":{"line":34,"column":null}}],"line":34},"2":{"loc":{"start":{"line":37,"column":10},"end":{"line":37,"column":null}},"type":"binary-expr","locations":[{"start":{"line":37,"column":10},"end":{"line":37,"column":58}},{"start":{"line":37,"column":58},"end":{"line":37,"column":null}}],"line":37},"3":{"loc":{"start":{"line":40,"column":10},"end":{"line":40,"column":null}},"type":"binary-expr","locations":[{"start":{"line":40,"column":10},"end":{"line":40,"column":54}},{"start":{"line":40,"column":54},"end":{"line":40,"column":null}}],"line":40},"4":{"loc":{"start":{"line":49,"column":4},"end":{"line":49,"column":null}},"type":"if","locations":[{"start":{"line":49,"column":4},"end":{"line":49,"column":null}},{"start":{},"end":{}}],"line":49},"5":{"loc":{"start":{"line":68,"column":6},"end":{"line":70,"column":null}},"type":"if","locations":[{"start":{"line":68,"column":6},"end":{"line":70,"column":null}},{"start":{},"end":{}}],"line":68},"6":{"loc":{"start":{"line":95,"column":4},"end":{"line":95,"column":null}},"type":"if","locations":[{"start":{"line":95,"column":4},"end":{"line":95,"column":null}},{"start":{},"end":{}}],"line":95}},"s":{"0":1,"1":10,"2":10,"3":10,"4":10,"5":13,"6":10,"7":2,"8":10,"9":14,"10":10,"11":1,"12":8,"13":8,"14":14,"15":0,"16":14,"17":14,"18":14,"19":9,"20":9,"21":9,"22":8,"23":0,"24":8,"25":8,"26":8,"27":1,"28":9,"29":3,"30":3,"31":3,"32":2,"33":2,"34":2,"35":1,"36":0,"37":1,"38":1,"39":10},"f":{"0":10,"1":13,"2":2,"3":14,"4":1,"5":8,"6":14,"7":9,"8":3,"9":2,"10":1},"b":{"0":[5,8],"1":[2,0],"2":[14,0],"3":[1,0],"4":[0,14],"5":[0,8],"6":[0,1]},"meta":{"lastBranch":7,"lastFunction":11,"lastStatement":40,"seen":{"s:27:13:117:Infinity":0,"f:27:50:27:56":0,"s:28:8:28:Infinity":1,"s:29:8:29:Infinity":2,"s:30:8:30:Infinity":3,"s:32:8:32:Infinity":4,"f:32:31:32:38":1,"s:32:38:32:70":5,"b:32:53:32:62:32:62:32:70":0,"s:33:8:35:Infinity":6,"f:34:4:34:10":2,"s:34:10:34:Infinity":7,"b:34:10:34:56:34:56:34:Infinity":1,"s:36:8:38:Infinity":8,"f:37:4:37:10":3,"s:37:10:37:Infinity":9,"b:37:10:37:58:37:58:37:Infinity":2,"s:39:8:41:Infinity":10,"f:40:4:40:10":4,"s:40:10:40:Infinity":11,"b:40:10:40:54:40:54:40:Infinity":3,"f:43:11:43:38":5,"s:44:23:44:Infinity":12,"s:45:4:45:Infinity":13,"f:48:11:48:33":6,"b:49:4:49:Infinity:undefined:undefined:undefined:undefined":4,"s:49:4:49:Infinity":14,"s:49:28:49:Infinity":15,"s:51:17:51:Infinity":16,"s:52:4:52:Infinity":17,"s:54:4:61:Infinity":18,"f:64:17:64:29":7,"s:65:4:79:Infinity":19,"s:66:6:66:Infinity":20,"s:67:23:67:Infinity":21,"b:68:6:70:Infinity:undefined:undefined:undefined:undefined":5,"s:68:6:70:Infinity":22,"s:69:8:69:Infinity":23,"s:71:6:71:Infinity":24,"s:73:6:73:Infinity":25,"s:74:6:74:Infinity":26,"s:76:6:76:Infinity":27,"s:78:6:78:Infinity":28,"f:82:11:82:25":8,"s:83:4:83:Infinity":29,"s:84:4:84:Infinity":30,"s:85:4:85:Infinity":31,"f:88:11:88:20":9,"s:89:4:89:Infinity":32,"s:90:4:90:Infinity":33,"s:91:4:91:Infinity":34,"f:94:11:94:29":10,"b:95:4:95:Infinity:undefined:undefined:undefined:undefined":6,"s:95:4:95:Infinity":35,"s:95:28:95:Infinity":36,"s:97:4:100:Infinity":37,"s:101:4:101:Infinity":38,"s:104:2:116:Infinity":39}}}
}
