TN:
SF:src\core\domain\enums\InvoiceStatus.ts
FNF:0
FNH:0
DA:1,2
LF:1
LH:1
BRF:0
BRH:0
end_of_record
TN:
SF:src\core\domain\enums\SplitMode.ts
FNF:0
FNH:0
DA:1,2
LF:1
LH:1
BRF:0
BRH:0
end_of_record
TN:
SF:src\core\domain\value-objects\CardLastDigits.ts
FN:4,(anonymous_0)
FN:12,(anonymous_1)
FN:16,(anonymous_2)
FN:20,(anonymous_3)
FN:24,(anonymous_4)
FN:28,(anonymous_5)
FNF:6
FNH:6
FNDA:17,(anonymous_0)
FNDA:3,(anonymous_1)
FNDA:17,(anonymous_2)
FNDA:2,(anonymous_3)
FNDA:2,(anonymous_4)
FNDA:3,(anonymous_5)
DA:5,17
DA:6,17
DA:7,4
DA:9,13
DA:13,3
DA:17,17
DA:21,2
DA:25,2
DA:29,3
LF:9
LH:9
BRDA:6,0,0,4
BRDA:6,0,1,13
BRF:2
BRH:2
end_of_record
TN:
SF:src\core\domain\value-objects\Money.ts
FN:4,(anonymous_0)
FN:11,(anonymous_1)
FN:15,(anonymous_2)
FN:19,(anonymous_3)
FN:23,(anonymous_4)
FN:27,(anonymous_5)
FN:34,(anonymous_6)
FN:38,(anonymous_7)
FN:42,(anonymous_8)
FN:46,(anonymous_9)
FN:50,(anonymous_10)
FN:57,(anonymous_11)
FN:66,(anonymous_12)
FNF:13
FNH:13
FNDA:54,(anonymous_0)
FNDA:17,(anonymous_1)
FNDA:2,(anonymous_2)
FNDA:3,(anonymous_3)
FNDA:4,(anonymous_4)
FNDA:4,(anonymous_5)
FNDA:3,(anonymous_6)
FNDA:3,(anonymous_7)
FNDA:3,(anonymous_8)
FNDA:1,(anonymous_9)
FNDA:4,(anonymous_10)
FNDA:54,(anonymous_11)
FNDA:54,(anonymous_12)
DA:5,54
DA:6,4
DA:8,50
DA:12,17
DA:16,2
DA:20,3
DA:24,4
DA:28,4
DA:29,1
DA:31,3
DA:35,3
DA:39,3
DA:43,3
DA:47,1
DA:51,4
DA:58,6
DA:59,6
DA:60,6
DA:61,2
DA:63,4
DA:67,6
LF:21
LH:21
BRDA:5,0,0,4
BRDA:5,0,1,50
BRDA:28,1,0,1
BRDA:28,1,1,3
BRDA:50,2,0,4
BRDA:50,3,0,4
BRDA:60,4,0,2
BRDA:60,4,1,4
BRF:8
BRH:8
end_of_record
TN:
SF:src\core\domain\value-objects\PhoneNumber.ts
FN:4,(anonymous_0)
FN:12,(anonymous_1)
FN:16,(anonymous_2)
FN:20,(anonymous_3)
FN:24,(anonymous_4)
FN:31,(anonymous_5)
FN:35,(anonymous_6)
FNF:7
FNH:7
FNDA:23,(anonymous_0)
FNDA:5,(anonymous_1)
FNDA:23,(anonymous_2)
FNDA:23,(anonymous_3)
FNDA:7,(anonymous_4)
FNDA:2,(anonymous_5)
FNDA:4,(anonymous_6)
DA:5,23
DA:6,23
DA:7,4
DA:9,19
DA:13,5
DA:17,23
DA:21,23
DA:25,7
DA:26,4
DA:28,3
DA:32,2
DA:36,4
LF:12
LH:12
BRDA:6,0,0,4
BRDA:6,0,1,19
BRDA:25,1,0,4
BRDA:25,1,1,3
BRF:4
BRH:4
end_of_record
TN:
SF:src\infrastructure\parsers\CSVParser.ts
FN:16,(anonymous_0)
FN:19,(anonymous_1)
FN:20,(anonymous_2)
FN:25,(anonymous_3)
FN:36,(anonymous_4)
FN:46,(anonymous_5)
FN:79,(anonymous_6)
FN:92,(anonymous_7)
FN:103,(anonymous_8)
FN:120,(anonymous_9)
FN:121,(anonymous_10)
FN:124,(anonymous_11)
FN:129,(anonymous_12)
FNF:13
FNH:12
FNDA:25,(anonymous_0)
FNDA:35,(anonymous_1)
FNDA:35,(anonymous_2)
FNDA:31,(anonymous_3)
FNDA:22,(anonymous_4)
FNDA:31,(anonymous_5)
FNDA:28,(anonymous_6)
FNDA:25,(anonymous_7)
FNDA:7,(anonymous_8)
FNDA:3,(anonymous_9)
FNDA:3,(anonymous_10)
FNDA:3,(anonymous_11)
FNDA:0,(anonymous_12)
DA:17,25
DA:19,35
DA:20,35
DA:22,25
DA:23,25
DA:25,25
DA:26,31
DA:27,31
DA:28,31
DA:29,22
DA:32,9
DA:36,25
DA:38,25
DA:47,31
DA:49,31
DA:50,2
DA:53,29
DA:54,29
DA:56,29
DA:57,29
DA:58,1
DA:61,28
DA:62,28
DA:64,28
DA:65,28
DA:67,28
DA:68,1
DA:71,22
DA:80,28
DA:81,28
DA:82,3
DA:85,25
DA:86,25
DA:87,25
DA:89,25
DA:93,25
DA:94,25
DA:96,25
DA:97,2
DA:100,23
DA:104,7
DA:105,1
DA:108,6
DA:109,1
DA:112,5
DA:113,5
DA:114,1
DA:117,4
DA:121,3
DA:122,3
DA:124,3
DA:125,3
DA:126,3
DA:129,3
DA:130,0
DA:133,3
LF:56
LH:55
BRDA:28,0,0,22
BRDA:28,0,1,9
BRDA:32,1,0,9
BRDA:32,1,1,0
BRDA:49,2,0,2
BRDA:49,2,1,29
BRDA:49,3,0,31
BRDA:49,3,1,29
BRDA:57,4,0,1
BRDA:57,4,1,28
BRDA:67,5,0,1
BRDA:67,5,1,27
BRDA:81,6,0,3
BRDA:81,6,1,25
BRDA:81,7,0,28
BRDA:81,7,1,25
BRDA:81,7,2,25
BRDA:96,8,0,2
BRDA:96,8,1,23
BRDA:104,9,0,1
BRDA:104,9,1,6
BRDA:108,10,0,1
BRDA:108,10,1,5
BRDA:108,11,0,6
BRDA:108,11,1,4
BRDA:108,11,2,1
BRDA:113,12,0,1
BRDA:113,12,1,4
BRF:28
BRH:27
end_of_record
TN:
SF:src\infrastructure\repositories\localstorage\BaseLocalStorageRepository.ts
FN:8,(anonymous_0)
FN:12,(anonymous_1)
FN:20,(anonymous_2)
FN:25,(anonymous_3)
FN:26,(anonymous_4)
FN:29,(anonymous_5)
FN:30,(anonymous_6)
FN:36,(anonymous_7)
FN:40,(anonymous_8)
FN:44,(anonymous_9)
FN:46,(anonymous_10)
FN:49,(anonymous_11)
FN:66,(anonymous_12)
FN:68,(anonymous_13)
FN:87,(anonymous_14)
FN:89,(anonymous_15)
FNF:16
FNH:16
FNDA:62,(anonymous_0)
FNDA:138,(anonymous_1)
FNDA:89,(anonymous_2)
FNDA:89,(anonymous_3)
FNDA:101,(anonymous_4)
FNDA:61,(anonymous_5)
FNDA:75,(anonymous_6)
FNDA:69,(anonymous_7)
FNDA:29,(anonymous_8)
FNDA:11,(anonymous_9)
FNDA:8,(anonymous_10)
FNDA:69,(anonymous_11)
FNDA:18,(anonymous_12)
FNDA:13,(anonymous_13)
FNDA:11,(anonymous_14)
FNDA:9,(anonymous_15)
DA:9,62
DA:13,138
DA:14,138
DA:16,62
DA:17,62
DA:21,89
DA:22,89
DA:26,101
DA:30,75
DA:37,69
DA:41,29
DA:45,11
DA:46,11
DA:50,69
DA:51,69
DA:53,69
DA:60,69
DA:61,69
DA:63,69
DA:67,18
DA:68,18
DA:70,18
DA:71,5
DA:74,13
DA:81,13
DA:82,13
DA:84,13
DA:88,11
DA:89,11
DA:91,11
DA:92,4
DA:95,7
LF:32
LH:32
BRDA:14,0,0,76
BRDA:14,0,1,62
BRDA:46,1,0,11
BRDA:46,1,1,3
BRDA:70,2,0,5
BRDA:70,2,1,13
BRDA:91,3,0,4
BRDA:91,3,1,7
BRF:8
BRH:8
end_of_record
TN:
SF:src\infrastructure\repositories\localstorage\LocalStorageCardRepository.ts
FN:17,(anonymous_0)
FN:21,(anonymous_1)
FN:31,(anonymous_2)
FN:42,(anonymous_3)
FN:46,(anonymous_4)
FN:50,(anonymous_5)
FN:52,(anonymous_6)
FNF:7
FNH:7
FNDA:23,(anonymous_0)
FNDA:51,(anonymous_1)
FNDA:34,(anonymous_2)
FNDA:35,(anonymous_3)
FNDA:9,(anonymous_4)
FNDA:3,(anonymous_5)
FNDA:4,(anonymous_6)
DA:18,23
DA:22,51
DA:32,34
DA:33,34
DA:43,35
DA:47,9
DA:51,3
DA:52,4
LF:8
LH:8
BRF:0
BRH:0
end_of_record
TN:
SF:src\infrastructure\repositories\localstorage\LocalStorageInvoiceRepository.ts
FN:37,(anonymous_0)
FN:41,(anonymous_1)
FN:48,(anonymous_2)
FN:54,(anonymous_3)
FN:62,(anonymous_4)
FN:68,(anonymous_5)
FN:80,(anonymous_6)
FN:92,(anonymous_7)
FN:93,(anonymous_8)
FN:101,(anonymous_9)
FN:103,(anonymous_10)
FN:109,(anonymous_11)
FN:111,(anonymous_12)
FN:114,(anonymous_13)
FN:116,(anonymous_14)
FN:119,(anonymous_15)
FN:121,(anonymous_16)
FNF:17
FNH:17
FNDA:24,(anonymous_0)
FNDA:34,(anonymous_1)
FNDA:35,(anonymous_2)
FNDA:29,(anonymous_3)
FNDA:29,(anonymous_4)
FNDA:35,(anonymous_5)
FNDA:29,(anonymous_6)
FNDA:22,(anonymous_7)
FNDA:23,(anonymous_8)
FNDA:6,(anonymous_9)
FNDA:1,(anonymous_10)
FNDA:2,(anonymous_11)
FNDA:3,(anonymous_12)
FNDA:3,(anonymous_13)
FNDA:4,(anonymous_14)
FNDA:3,(anonymous_15)
FNDA:2,(anonymous_16)
DA:38,24
DA:42,34
DA:48,35
DA:55,29
DA:56,29
DA:62,29
DA:69,35
DA:81,29
DA:93,23
DA:94,22
DA:102,6
DA:103,1
DA:104,1
DA:106,5
DA:110,2
DA:111,3
DA:115,3
DA:116,4
DA:120,3
DA:121,3
LF:20
LH:20
BRDA:102,0,0,1
BRDA:102,0,1,5
BRDA:121,1,0,3
BRDA:121,1,1,2
BRF:4
BRH:4
end_of_record
TN:
SF:src\infrastructure\repositories\localstorage\LocalStorageParticipantRepository.ts
FN:17,(anonymous_0)
FN:21,(anonymous_1)
FN:31,(anonymous_2)
FN:42,(anonymous_3)
FN:46,(anonymous_4)
FN:50,(anonymous_5)
FN:52,(anonymous_6)
FNF:7
FNH:7
FNDA:15,(anonymous_0)
FNDA:16,(anonymous_1)
FNDA:12,(anonymous_2)
FNDA:12,(anonymous_3)
FNDA:3,(anonymous_4)
FNDA:3,(anonymous_5)
FNDA:2,(anonymous_6)
DA:18,15
DA:22,16
DA:32,12
DA:33,12
DA:43,12
DA:47,3
DA:51,3
DA:52,3
LF:8
LH:8
BRDA:52,0,0,3
BRDA:52,0,1,2
BRF:2
BRH:2
end_of_record
TN:
SF:src\presentation\composables\usePhoneMask.ts
FN:1,usePhoneMask
FN:2,formatPhone
FN:18,unformatPhone
FN:22,validatePhone
FNF:4
FNH:4
FNDA:27,usePhoneMask
FNDA:15,formatPhone
FNDA:20,unformatPhone
FNDA:12,validatePhone
DA:3,15
DA:5,14
DA:7,14
DA:8,2
DA:9,12
DA:10,3
DA:11,9
DA:12,8
DA:15,1
DA:19,20
DA:23,12
DA:24,12
DA:27,27
LF:13
LH:13
BRDA:3,0,0,1
BRDA:3,0,1,14
BRDA:7,1,0,2
BRDA:7,1,1,12
BRDA:9,2,0,3
BRDA:9,2,1,9
BRDA:11,3,0,8
BRDA:11,3,1,1
BRDA:24,4,0,12
BRDA:24,4,1,9
BRF:10
BRH:10
end_of_record
TN:
SF:src\presentation\stores\cardStore.ts
FN:8,(anonymous_0)
FN:13,(anonymous_1)
FN:15,fetchCards
FN:28,createCard
FN:43,updateCard
FN:48,(anonymous_5)
FN:61,deleteCard
FN:66,(anonymous_7)
FN:75,getCardById
FN:76,(anonymous_9)
FNF:10
FNH:10
FNDA:21,(anonymous_0)
FNDA:4,(anonymous_1)
FNDA:3,fetchCards
FNDA:13,createCard
FNDA:4,updateCard
FNDA:2,(anonymous_5)
FNDA:3,deleteCard
FNDA:3,(anonymous_7)
FNDA:2,getCardById
FNDA:1,(anonymous_9)
DA:6,1
DA:8,1
DA:9,21
DA:10,21
DA:11,21
DA:13,21
DA:16,3
DA:17,3
DA:18,3
DA:19,3
DA:21,1
DA:22,1
DA:24,3
DA:29,13
DA:30,13
DA:31,13
DA:32,13
DA:33,13
DA:34,13
DA:36,0
DA:37,0
DA:39,13
DA:44,4
DA:45,4
DA:46,4
DA:47,4
DA:48,2
DA:49,2
DA:50,2
DA:52,2
DA:54,2
DA:55,2
DA:57,4
DA:62,3
DA:63,3
DA:64,3
DA:65,3
DA:66,3
DA:68,1
DA:69,1
DA:71,3
DA:76,2
DA:79,21
LF:43
LH:41
BRDA:21,0,0,1
BRDA:21,0,1,0
BRDA:36,1,0,0
BRDA:36,1,1,0
BRDA:49,2,0,2
BRDA:49,2,1,0
BRDA:54,3,0,2
BRDA:54,3,1,0
BRDA:68,4,0,1
BRDA:68,4,1,0
BRF:10
BRH:4
end_of_record
TN:
SF:src\shared\utils\MoneyCalculator.ts
FN:7,(anonymous_0)
FN:8,(anonymous_1)
FN:13,(anonymous_2)
FN:17,(anonymous_3)
FN:21,(anonymous_4)
FN:26,(anonymous_5)
FN:30,(anonymous_6)
FN:41,(anonymous_7)
FN:48,(anonymous_8)
FN:52,(anonymous_9)
FN:56,(anonymous_10)
FNF:11
FNH:11
FNDA:1,(anonymous_0)
FNDA:32,(anonymous_1)
FNDA:1,(anonymous_2)
FNDA:1,(anonymous_3)
FNDA:1,(anonymous_4)
FNDA:1,(anonymous_5)
FNDA:1,(anonymous_6)
FNDA:13,(anonymous_7)
FNDA:1,(anonymous_8)
FNDA:1,(anonymous_9)
FNDA:1,(anonymous_10)
DA:3,1
DA:4,1
DA:8,17
DA:9,32
DA:14,5
DA:18,6
DA:22,6
DA:23,5
DA:27,7
DA:31,7
DA:33,5
DA:34,5
DA:35,5
DA:37,5
DA:38,13
DA:41,13
DA:42,5
DA:43,5
DA:45,5
DA:49,6
DA:53,7
DA:57,4
LF:22
LH:22
BRDA:22,0,0,1
BRDA:22,0,1,5
BRDA:31,1,0,2
BRDA:31,1,1,5
BRF:4
BRH:4
end_of_record
TN:
SF:src\stores\locale.ts
FN:8,detectBrowserLocale
FN:13,loadSavedLocaleOrDetect
FN:25,syncLocaleWithI18n
FN:29,persistLocale
FN:33,(anonymous_4)
FN:36,(anonymous_5)
FN:42,(anonymous_6)
FN:48,(anonymous_7)
FNF:8
FNH:8
FNDA:1,detectBrowserLocale
FNDA:2,loadSavedLocaleOrDetect
FNDA:7,syncLocaleWithI18n
FNDA:5,persistLocale
FNDA:5,(anonymous_4)
FNDA:2,(anonymous_5)
FNDA:2,(anonymous_6)
FNDA:3,(anonymous_7)
DA:6,1
DA:9,1
DA:10,1
DA:14,2
DA:18,2
DA:19,1
DA:22,1
DA:26,7
DA:30,5
DA:33,1
DA:34,5
DA:36,5
DA:37,2
DA:38,2
DA:39,2
DA:42,5
DA:43,2
DA:44,2
DA:45,2
DA:48,5
DA:49,3
DA:50,3
DA:53,5
LF:23
LH:23
BRDA:10,0,0,0
BRDA:10,0,1,1
BRDA:18,1,0,1
BRDA:18,1,1,1
BRDA:18,2,0,2
BRDA:18,2,1,1
BRDA:18,2,2,1
BRF:7
BRH:6
end_of_record
TN:
SF:src\stores\theme.ts
FN:27,(anonymous_0)
FN:32,(anonymous_1)
FN:34,(anonymous_2)
FN:37,(anonymous_3)
FN:40,(anonymous_4)
FN:43,loadSavedThemePreference
FN:48,applyThemeToVuetify
FN:64,loadTheme
FN:82,toggleTheme
FN:88,setTheme
FN:94,updateThemeColors
FNF:11
FNH:11
FNDA:10,(anonymous_0)
FNDA:13,(anonymous_1)
FNDA:2,(anonymous_2)
FNDA:14,(anonymous_3)
FNDA:1,(anonymous_4)
FNDA:8,loadSavedThemePreference
FNDA:14,applyThemeToVuetify
FNDA:9,loadTheme
FNDA:3,toggleTheme
FNDA:2,setTheme
FNDA:1,updateThemeColors
DA:27,1
DA:28,10
DA:29,10
DA:30,10
DA:32,13
DA:33,10
DA:34,2
DA:36,10
DA:37,14
DA:39,10
DA:40,1
DA:44,8
DA:45,8
DA:49,14
DA:51,14
DA:52,14
DA:54,14
DA:65,9
DA:66,9
DA:67,9
DA:68,8
DA:69,0
DA:71,8
DA:73,8
DA:74,8
DA:76,1
DA:78,9
DA:83,3
DA:84,3
DA:85,3
DA:89,2
DA:90,2
DA:91,2
DA:95,1
DA:97,1
DA:101,1
DA:104,10
LF:37
LH:36
BRDA:32,0,0,5
BRDA:32,0,1,8
BRDA:34,1,0,2
BRDA:34,1,1,0
BRDA:37,2,0,14
BRDA:37,2,1,0
BRDA:40,3,0,1
BRDA:40,3,1,0
BRDA:49,4,0,0
BRDA:49,4,1,14
BRDA:68,5,0,0
BRDA:68,5,1,8
BRDA:95,6,0,0
BRDA:95,6,1,1
BRF:14
BRH:8
end_of_record
